==== Cycle 1 ====

The class '[Class] apptentive.com.android.feedback.SurveyModule' was removed because the Java implemented interface type 'apptentive.com.android.feedback.engagement.interactions.InteractionModule<apptentive.com.android.feedback.survey.interaction.SurveyInteraction>' could not be found.
The class '[Class] apptentive.com.android.feedback.survey.BaseSurveyActivity' was removed because the Java base type 'apptentive.com.android.ui.ApptentiveViewModelActivity' could not be found.
The constructor 'Constructor: apptentive.com.android.feedback.survey.DefaultSurveyModelFactory.DefaultSurveyModelFactory' was removed because the Java parameter type 'apptentive.com.android.feedback.engagement.EngagementContext' could not be found.
The method '[Method] androidx.appcompat.app.AlertDialog access$getConfirmationDialog$p(apptentive.com.android.feedback.survey.SurveyActivity $this)' was removed because its name contains a dollar sign.
The method '[Method] void access$setConfirmationDialog$p(apptentive.com.android.feedback.survey.SurveyActivity $this, androidx.appcompat.app.AlertDialog <set-?>)' was removed because its name contains a dollar sign.
The constructor 'Constructor: apptentive.com.android.feedback.survey.SurveyModelFactoryProvider.SurveyModelFactoryProvider' was removed because the Java parameter type 'apptentive.com.android.feedback.engagement.EngagementContext' could not be found.
The class '[Class] apptentive.com.android.feedback.survey.SurveyModelFactoryProvider' was removed because the Java implemented interface type 'apptentive.com.android.core.Provider<apptentive.com.android.feedback.survey.SurveyModelFactory>' could not be found.
The constructor 'Constructor: apptentive.com.android.feedback.survey.interaction.DefaultSurveyQuestionConverter.Companion.DefaultSurveyQuestionConverter.Companion' was removed because the Java parameter type 'kotlin.jvm.internal.DefaultConstructorMarker' could not be found.
The class '[Class] apptentive.com.android.feedback.survey.interaction.SurveyInteraction' was removed because the Java base type 'apptentive.com.android.feedback.engagement.interactions.Interaction' could not be found.
The class '[Class] apptentive.com.android.feedback.survey.interaction.SurveyInteractionLauncher' was removed because the Java base type 'apptentive.com.android.feedback.platform.AndroidViewInteractionLauncher<apptentive.com.android.feedback.survey.interaction.SurveyInteraction>' could not be found.
The class '[Class] apptentive.com.android.feedback.survey.interaction.SurveyInteractionTypeConverter' was removed because the Java implemented interface type 'apptentive.com.android.feedback.engagement.interactions.InteractionTypeConverter<apptentive.com.android.feedback.survey.interaction.SurveyInteraction>' could not be found.
The constructor 'Constructor: apptentive.com.android.feedback.survey.model.MultiChoiceQuestion.MultiChoiceQuestion' was removed because the Java parameter type 'kotlin.jvm.internal.DefaultConstructorMarker' could not be found.
The method '[Method] apptentive.com.android.feedback.survey.model.MultiChoiceQuestion.Answer copy$default(apptentive.com.android.feedback.survey.model.MultiChoiceQuestion.Answer p0, java.util.List p1, int p2, java.lang.Object p3)' was removed because its name contains a dollar sign.
The method '[Method] apptentive.com.android.feedback.survey.model.MultiChoiceQuestion.Answer.Choice copy$default(apptentive.com.android.feedback.survey.model.MultiChoiceQuestion.Answer.Choice p0, java.lang.String p1, boolean p2, java.lang.String p3, int p4, java.lang.Object p5)' was removed because its name contains a dollar sign.
The method '[Method] apptentive.com.android.feedback.survey.model.MultiChoiceQuestion.AnswerChoiceConfiguration copy$default(apptentive.com.android.feedback.survey.model.MultiChoiceQuestion.AnswerChoiceConfiguration p0, apptentive.com.android.feedback.survey.model.MultiChoiceQuestion.ChoiceType p1, java.lang.String p2, java.lang.String p3, java.lang.String p4, int p5, java.lang.Object p6)' was removed because its name contains a dollar sign.
The constructor 'Constructor: apptentive.com.android.feedback.survey.model.MultiChoiceQuestion.ChoiceType.Companion.MultiChoiceQuestion.ChoiceType.Companion' was removed because the Java parameter type 'kotlin.jvm.internal.DefaultConstructorMarker' could not be found.
The method '[Method] apptentive.com.android.feedback.survey.model.MultiChoiceQuestion.Answer update$default(apptentive.com.android.feedback.survey.model.MultiChoiceQuestion.Answer p0, java.lang.String p1, boolean p2, boolean p3, java.lang.String p4, int p5, java.lang.Object p6)' was removed because its name contains a dollar sign.
The class '[Class] apptentive.com.android.feedback.survey.model.QuestionListSubject' was removed because the Java base type 'apptentive.com.android.core.BehaviorSubject<java.util.List<? extends apptentive.com.android.feedback.survey.model.SurveyQuestion<?>>>' could not be found.
The constructor 'Constructor: apptentive.com.android.feedback.survey.model.RangeQuestion.RangeQuestion' was removed because the Java parameter type 'kotlin.jvm.internal.DefaultConstructorMarker' could not be found.
The method '[Method] apptentive.com.android.feedback.survey.model.RangeQuestion.Answer copy$default(apptentive.com.android.feedback.survey.model.RangeQuestion.Answer p0, java.lang.Integer p1, int p2, java.lang.Object p3)' was removed because its name contains a dollar sign.
The constructor 'Constructor: apptentive.com.android.feedback.survey.model.SingleLineQuestion.SingleLineQuestion' was removed because the Java parameter type 'kotlin.jvm.internal.DefaultConstructorMarker' could not be found.
The method '[Method] apptentive.com.android.feedback.survey.model.SingleLineQuestion.Answer copy$default(apptentive.com.android.feedback.survey.model.SingleLineQuestion.Answer p0, java.lang.String p1, int p2, java.lang.Object p3)' was removed because its name contains a dollar sign.
The method '[Method] apptentive.com.android.core.Observable<java.util.List<apptentive.com.android.feedback.survey.model.SurveyQuestion<?>>> getQuestionsStream()' was removed because the Java return type 'apptentive.com.android.core.Observable<java.util.List<apptentive.com.android.feedback.survey.model.SurveyQuestion<?>>>' could not be found.
The class '[Class] apptentive.com.android.feedback.survey.model.SurveyResponsePayload' was removed because the Java base type 'apptentive.com.android.feedback.model.payloads.ConversationPayload' could not be found.
The method '[Method] java.util.Map access$mapAnswersToResponses(java.util.Map answers)' was removed because its name contains a dollar sign.
The method '[Method] apptentive.com.android.feedback.survey.viewmodel.SurveyViewModel createSurveyViewModel$default(apptentive.com.android.feedback.engagement.EngagementContext p0, int p1, java.lang.Object p2)' was removed because its name contains a dollar sign.
The method '[Method] apptentive.com.android.feedback.survey.viewmodel.SurveyViewModel createSurveyViewModel(apptentive.com.android.feedback.engagement.EngagementContext context)' was removed because the Java parameter type 'apptentive.com.android.feedback.engagement.EngagementContext' could not be found.
The constructor 'Constructor: apptentive.com.android.feedback.survey.view.SurveyQuestionViewHolderFactory.SurveyQuestionViewHolderFactory' was removed because the Java parameter type 'kotlin.jvm.functions.Function1' could not be found.
The class '[Class] apptentive.com.android.feedback.survey.view.SurveyQuestionViewHolderFactory' was removed because the Java implemented interface type 'apptentive.com.android.ui.ViewHolderFactory' could not be found.
The constructor 'Constructor: apptentive.com.android.feedback.survey.viewmodel.MultiChoiceQuestionListItem.MultiChoiceQuestionListItem' was removed because the Java parameter type 'kotlin.jvm.internal.DefaultConstructorMarker' could not be found.
The method '[Method] int getChangePayloadMask(apptentive.com.android.ui.ListViewItem oldItem)' was removed because the Java parameter type 'apptentive.com.android.ui.ListViewItem' could not be found.
The method '[Method] apptentive.com.android.feedback.survey.viewmodel.MultiChoiceQuestionListItem.Answer copy$default(apptentive.com.android.feedback.survey.viewmodel.MultiChoiceQuestionListItem.Answer p0, apptentive.com.android.feedback.survey.model.MultiChoiceQuestion.ChoiceType p1, java.lang.String p2, java.lang.String p3, boolean p4, java.lang.String p5, java.lang.String p6, int p7, java.lang.Object p8)' was removed because its name contains a dollar sign.
The constructor 'Constructor: apptentive.com.android.feedback.survey.viewmodel.MultiChoiceQuestionListItem.CachedViews.MultiChoiceQuestionListItem.CachedViews' was removed because the Java parameter type 'com.google.android.material.textfield.TextInputLayout' could not be found.
The method '[Method] com.google.android.material.textfield.TextInputLayout component2()' was removed because the Java return type 'com.google.android.material.textfield.TextInputLayout' could not be found.
The method '[Method] apptentive.com.android.feedback.survey.viewmodel.MultiChoiceQuestionListItem.CachedViews copy$default(apptentive.com.android.feedback.survey.viewmodel.MultiChoiceQuestionListItem.CachedViews p0, android.widget.CompoundButton p1, com.google.android.material.textfield.TextInputLayout p2, int p3, java.lang.Object p4)' was removed because its name contains a dollar sign.
The method '[Method] apptentive.com.android.feedback.survey.viewmodel.MultiChoiceQuestionListItem.CachedViews copy(android.widget.CompoundButton compoundButton, com.google.android.material.textfield.TextInputLayout textInputLayout)' was removed because the Java parameter type 'com.google.android.material.textfield.TextInputLayout' could not be found.
The method '[Method] com.google.android.material.textfield.TextInputLayout getTextInputLayout()' was removed because the Java return type 'com.google.android.material.textfield.TextInputLayout' could not be found.
The constructor 'Constructor: apptentive.com.android.feedback.survey.viewmodel.MultiChoiceQuestionListItem.Companion.MultiChoiceQuestionListItem.Companion' was removed because the Java parameter type 'kotlin.jvm.internal.DefaultConstructorMarker' could not be found.
The constructor 'Constructor: apptentive.com.android.feedback.survey.viewmodel.MultiChoiceQuestionListItem.ViewHolder.MultiChoiceQuestionListItem.ViewHolder' was removed because the Java parameter type 'kotlin.jvm.functions.Function4' could not be found.
The method '[Method] kotlin.jvm.functions.Function4 access$getOnSelectionChanged$p(apptentive.com.android.feedback.survey.viewmodel.MultiChoiceQuestionListItem.ViewHolder $this)' was removed because its name contains a dollar sign.
The method '[Method] void bindView(apptentive.com.android.ui.ListViewItem item, int position)' was removed because the Java parameter type 'apptentive.com.android.ui.ListViewItem' could not be found.
The method '[Method] void updateView(apptentive.com.android.ui.ListViewItem item, int position, int changeMask)' was removed because the Java parameter type 'apptentive.com.android.ui.ListViewItem' could not be found.
The constructor 'Constructor: apptentive.com.android.feedback.survey.viewmodel.RangeQuestionListItem.RangeQuestionListItem' was removed because the Java parameter type 'kotlin.jvm.internal.DefaultConstructorMarker' could not be found.
The constructor 'Constructor: apptentive.com.android.feedback.survey.viewmodel.RangeQuestionListItem.ViewHolder.RangeQuestionListItem.ViewHolder' was removed because the Java parameter type 'kotlin.jvm.functions.Function2' could not be found.
The method '[Method] void bindView(apptentive.com.android.ui.ListViewItem item, int position)' was removed because the Java parameter type 'apptentive.com.android.ui.ListViewItem' could not be found.
The constructor 'Constructor: apptentive.com.android.feedback.survey.viewmodel.SingleLineQuestionListItem.SingleLineQuestionListItem' was removed because the Java parameter type 'kotlin.jvm.internal.DefaultConstructorMarker' could not be found.
The constructor 'Constructor: apptentive.com.android.feedback.survey.viewmodel.SingleLineQuestionListItem.ViewHolder.SingleLineQuestionListItem.ViewHolder' was removed because the Java parameter type 'kotlin.jvm.functions.Function2' could not be found.
The method '[Method] void bindView(apptentive.com.android.ui.ListViewItem item, int position)' was removed because the Java parameter type 'apptentive.com.android.ui.ListViewItem' could not be found.
The method '[Method] kotlin.jvm.functions.Function2<java.lang.String, java.lang.String, kotlin.Unit> getOnTextChanged()' was removed because the Java return type 'kotlin.jvm.functions.Function2<java.lang.String, java.lang.String, kotlin.Unit>' could not be found.
The method '[Method] apptentive.com.android.feedback.survey.viewmodel.SurveyCancelConfirmationDisplay copy$default(apptentive.com.android.feedback.survey.viewmodel.SurveyCancelConfirmationDisplay p0, java.lang.String p1, java.lang.String p2, java.lang.String p3, java.lang.String p4, int p5, java.lang.Object p6)' was removed because its name contains a dollar sign.
The constructor 'Constructor: apptentive.com.android.feedback.survey.viewmodel.SurveyFooterListItem.SurveyFooterListItem' was removed because the Java parameter type 'kotlin.jvm.internal.DefaultConstructorMarker' could not be found.
The method '[Method] int getChangePayloadMask(apptentive.com.android.ui.ListViewItem oldItem)' was removed because the Java parameter type 'apptentive.com.android.ui.ListViewItem' could not be found.
The constructor 'Constructor: apptentive.com.android.feedback.survey.viewmodel.SurveyFooterListItem.Companion.SurveyFooterListItem.Companion' was removed because the Java parameter type 'kotlin.jvm.internal.DefaultConstructorMarker' could not be found.
The class '[Class] apptentive.com.android.feedback.survey.viewmodel.SurveyFooterListItem.ViewHolder' was removed because the Java base type 'apptentive.com.android.ui.ListViewAdapter.ViewHolder<apptentive.com.android.feedback.survey.viewmodel.SurveyFooterListItem>' could not be found.
The method '[Method] int getChangePayloadMask(apptentive.com.android.ui.ListViewItem oldItem)' was removed because the Java parameter type 'apptentive.com.android.ui.ListViewItem' could not be found.
The class '[Class] apptentive.com.android.feedback.survey.viewmodel.SurveyHeaderListItem.ViewHolder' was removed because the Java base type 'apptentive.com.android.ui.ListViewAdapter.ViewHolder<apptentive.com.android.feedback.survey.viewmodel.SurveyHeaderListItem>' could not be found.
The class '[Class] apptentive.com.android.feedback.survey.viewmodel.SurveyListItem' was removed because the Java base type 'apptentive.com.android.ui.ListViewItem' could not be found.
The method '[Method] void register(apptentive.com.android.ui.ListViewAdapter obj, apptentive.com.android.feedback.survey.viewmodel.SurveyListItem.Type type, apptentive.com.android.ui.ViewHolderFactory factory)' was removed because the Java parameter type 'apptentive.com.android.ui.ListViewAdapter' could not be found.
The method '[Method] void register(apptentive.com.android.ui.ListViewAdapter obj, apptentive.com.android.feedback.survey.viewmodel.SurveyListItem.Type type, apptentive.com.android.ui.ViewHolderFactory factory)' was removed because the Java parameter type 'apptentive.com.android.ui.ViewHolderFactory' could not be found.
The method '[Method] int getChangePayloadMask(apptentive.com.android.ui.ListViewItem oldItem)' was removed because the Java parameter type 'apptentive.com.android.ui.ListViewItem' could not be found.
The constructor 'Constructor: apptentive.com.android.feedback.survey.viewmodel.SurveyQuestionListItem.Companion.SurveyQuestionListItem.Companion' was removed because the Java parameter type 'kotlin.jvm.internal.DefaultConstructorMarker' could not be found.
The class '[Class] apptentive.com.android.feedback.survey.viewmodel.SurveyQuestionListItem.ViewHolder' was removed because the Java base type 'apptentive.com.android.ui.ListViewAdapter.ViewHolder<T>' could not be found.
The method '[Method] apptentive.com.android.feedback.survey.viewmodel.SurveySubmitMessageState copy$default(apptentive.com.android.feedback.survey.viewmodel.SurveySubmitMessageState p0, java.lang.String p1, boolean p2, int p3, java.lang.Object p4)' was removed because its name contains a dollar sign.
The class '[Class] apptentive.com.android.feedback.survey.viewmodel.SurveyViewModel' was removed because the Java base type 'androidx.lifecycle.ViewModel' could not be found.

==== Cycle 2 ====

The class '[Class] apptentive.com.android.feedback.survey.SurveyActivity' was removed because the Java base type 'apptentive.com.android.feedback.survey.BaseSurveyActivity' could not be found.
The class '[Class] apptentive.com.android.feedback.survey.viewmodel.MultiChoiceQuestionListItem.ViewHolder' was removed because the Java base type 'apptentive.com.android.feedback.survey.viewmodel.SurveyQuestionListItem.ViewHolder<apptentive.com.android.feedback.survey.viewmodel.MultiChoiceQuestionListItem>' could not be found.
The class '[Class] apptentive.com.android.feedback.survey.viewmodel.RangeQuestionListItem.ViewHolder' was removed because the Java base type 'apptentive.com.android.feedback.survey.viewmodel.SurveyQuestionListItem.ViewHolder<apptentive.com.android.feedback.survey.viewmodel.RangeQuestionListItem>' could not be found.
The class '[Class] apptentive.com.android.feedback.survey.viewmodel.SingleLineQuestionListItem.ViewHolder' was removed because the Java base type 'apptentive.com.android.feedback.survey.viewmodel.SurveyQuestionListItem.ViewHolder<apptentive.com.android.feedback.survey.viewmodel.SingleLineQuestionListItem>' could not be found.
The class '[Class] apptentive.com.android.feedback.survey.viewmodel.SurveyFooterListItem' was removed because the Java base type 'apptentive.com.android.feedback.survey.viewmodel.SurveyListItem' could not be found.
The class '[Class] apptentive.com.android.feedback.survey.viewmodel.SurveyHeaderListItem' was removed because the Java base type 'apptentive.com.android.feedback.survey.viewmodel.SurveyListItem' could not be found.
The class '[Class] apptentive.com.android.feedback.survey.viewmodel.SurveyQuestionListItem' was removed because the Java base type 'apptentive.com.android.feedback.survey.viewmodel.SurveyListItem' could not be found.

==== Cycle 3 ====

The method '[Method] apptentive.com.android.feedback.survey.viewmodel.SurveyQuestionListItem createListItem(apptentive.com.android.feedback.survey.model.SurveyQuestion<?> question, boolean showInvalid)' was removed because the Java return type 'apptentive.com.android.feedback.survey.viewmodel.SurveyQuestionListItem' could not be found.
The class '[Class] apptentive.com.android.feedback.survey.viewmodel.MultiChoiceQuestionListItem' was removed because the Java base type 'apptentive.com.android.feedback.survey.viewmodel.SurveyQuestionListItem' could not be found.
The class '[Class] apptentive.com.android.feedback.survey.viewmodel.RangeQuestionListItem' was removed because the Java base type 'apptentive.com.android.feedback.survey.viewmodel.SurveyQuestionListItem' could not be found.
The class '[Class] apptentive.com.android.feedback.survey.viewmodel.SingleLineQuestionListItem' was removed because the Java base type 'apptentive.com.android.feedback.survey.viewmodel.SurveyQuestionListItem' could not be found.
The method '[Method] apptentive.com.android.feedback.survey.viewmodel.SurveyQuestionListItem createListItem(apptentive.com.android.feedback.survey.model.SurveyQuestion<?> p0, boolean p1)' was removed because the Java return type 'apptentive.com.android.feedback.survey.viewmodel.SurveyQuestionListItem' could not be found.

