==== Cycle 1 ====

The class '[Class] apptentive.com.android.feedback.MessageCenterModule' was removed because the Java implemented interface type 'apptentive.com.android.feedback.engagement.interactions.InteractionModule<apptentive.com.android.feedback.message.MessageCenterInteraction>' could not be found.
The method '[Method] apptentive.com.android.feedback.model.MessageCenterModel messageCenterModel()' was removed because the Java return type 'apptentive.com.android.feedback.model.MessageCenterModel' could not be found.
The constructor 'Constructor: apptentive.com.android.feedback.dependencyprovider.MessageCenterModelProvider.MessageCenterModelProvider' was removed because the Java parameter type 'apptentive.com.android.feedback.message.MessageCenterInteraction' could not be found.
The class '[Class] apptentive.com.android.feedback.dependencyprovider.MessageCenterModelProvider' was removed because the Java implemented interface type 'apptentive.com.android.core.Provider<apptentive.com.android.feedback.dependencyprovider.MessageCenterModelFactory>' could not be found.
The method '[Method] apptentive.com.android.feedback.messagecenter.viewmodel.MessageCenterViewModel createMessageCenterViewModel$default(apptentive.com.android.feedback.engagement.EngagementContext p0, apptentive.com.android.feedback.message.MessageManager p1, int p2, java.lang.Object p3)' was removed because its name contains a dollar sign.
The method '[Method] apptentive.com.android.feedback.messagecenter.viewmodel.MessageCenterViewModel createMessageCenterViewModel(apptentive.com.android.feedback.engagement.EngagementContext context, apptentive.com.android.feedback.message.MessageManager messageManager)' was removed because the Java parameter type 'apptentive.com.android.feedback.engagement.EngagementContext' could not be found.
The method '[Method] apptentive.com.android.feedback.messagecenter.viewmodel.MessageCenterViewModel createMessageCenterViewModel(apptentive.com.android.feedback.engagement.EngagementContext context, apptentive.com.android.feedback.message.MessageManager messageManager)' was removed because the Java parameter type 'apptentive.com.android.feedback.message.MessageManager' could not be found.
The class '[Class] apptentive.com.android.feedback.messagecenter.interaction.MessageCenterInteractionLauncher' was removed because the Java base type 'apptentive.com.android.feedback.platform.AndroidViewInteractionLauncher<apptentive.com.android.feedback.message.MessageCenterInteraction>' could not be found.
The class '[Class] apptentive.com.android.feedback.messagecenter.interaction.MessageCenterInteractionTypeConverter' was removed because the Java implemented interface type 'apptentive.com.android.feedback.engagement.interactions.InteractionTypeConverter<apptentive.com.android.feedback.message.MessageCenterInteraction>' could not be found.
The method '[Method] apptentive.com.android.feedback.model.MessageCenterModel convertToMessageCenterModel(apptentive.com.android.feedback.message.MessageCenterInteraction obj)' was removed because the Java return type 'apptentive.com.android.feedback.model.MessageCenterModel' could not be found.
The class '[Class] apptentive.com.android.feedback.messagecenter.view.BaseMessageCenterActivity' was removed because the Java base type 'apptentive.com.android.ui.ApptentiveViewModelActivity' could not be found.
The class '[Class] apptentive.com.android.feedback.messagecenter.view.BaseProfileActivity' was removed because the Java base type 'apptentive.com.android.ui.ApptentiveViewModelActivity' could not be found.
The method '[Method] apptentive.com.android.feedback.messagecenter.view.GreetingData copy$default(apptentive.com.android.feedback.messagecenter.view.GreetingData p0, java.lang.String p1, java.lang.String p2, android.graphics.Bitmap p3, int p4, java.lang.Object p5)' was removed because its name contains a dollar sign.
The class '[Class] apptentive.com.android.feedback.messagecenter.view.ImagePreviewActivity' was removed because the Java base type 'apptentive.com.android.ui.ApptentiveActivity' could not be found.
The method '[Method] android.widget.ImageView access$getAttachmentButton$p(apptentive.com.android.feedback.messagecenter.view.MessageCenterActivity $this)' was removed because its name contains a dollar sign.
The method '[Method] android.widget.LinearLayout access$getAttachmentsLayout$p(apptentive.com.android.feedback.messagecenter.view.MessageCenterActivity $this)' was removed because its name contains a dollar sign.
The method '[Method] apptentive.com.android.feedback.messagecenter.view.custom.MessageCenterAttachmentThumbnailView access$getAttachmentView(apptentive.com.android.feedback.messagecenter.view.MessageCenterActivity $this, apptentive.com.android.feedback.model.Message.Attachment file)' was removed because its name contains a dollar sign.
The method '[Method] android.widget.TextView access$getComposerErrorView$p(apptentive.com.android.feedback.messagecenter.view.MessageCenterActivity $this)' was removed because its name contains a dollar sign.
The method '[Method] androidx.recyclerview.widget.RecyclerView access$getMessageList$p(apptentive.com.android.feedback.messagecenter.view.MessageCenterActivity $this)' was removed because its name contains a dollar sign.
The method '[Method] apptentive.com.android.feedback.messagecenter.view.MessageListAdapter access$getMessageListAdapter$p(apptentive.com.android.feedback.messagecenter.view.MessageCenterActivity $this)' was removed because its name contains a dollar sign.
The method '[Method] android.widget.EditText access$getMessageText$p(apptentive.com.android.feedback.messagecenter.view.MessageCenterActivity $this)' was removed because its name contains a dollar sign.
The method '[Method] void access$handleDraftMessage(apptentive.com.android.feedback.messagecenter.view.MessageCenterActivity $this, boolean shouldSave)' was removed because its name contains a dollar sign.
The method '[Method] void access$updateMessageListAdapter(apptentive.com.android.feedback.messagecenter.view.MessageCenterActivity $this, java.util.List messageViewData)' was removed because its name contains a dollar sign.
The class '[Class] apptentive.com.android.feedback.messagecenter.view.MessageFooterViewHolder' was removed because the Java base type 'androidx.recyclerview.widget.RecyclerView.ViewHolder' could not be found.
The class '[Class] apptentive.com.android.feedback.messagecenter.view.MessageHeaderViewHolder' was removed because the Java base type 'androidx.recyclerview.widget.RecyclerView.ViewHolder' could not be found.
The class '[Class] apptentive.com.android.feedback.messagecenter.view.MessageListAdapter' was removed because the Java base type 'androidx.recyclerview.widget.ListAdapter<apptentive.com.android.feedback.messagecenter.view.MessageViewData, androidx.recyclerview.widget.RecyclerView.ViewHolder>' could not be found.
The constructor 'Constructor: apptentive.com.android.feedback.messagecenter.view.MessageViewData.MessageViewData' was removed because the Java parameter type 'apptentive.com.android.feedback.model.Message' could not be found.
The method '[Method] apptentive.com.android.feedback.model.Message component4()' was removed because the Java return type 'apptentive.com.android.feedback.model.Message' could not be found.
The method '[Method] apptentive.com.android.feedback.messagecenter.view.MessageViewData copy$default(apptentive.com.android.feedback.messagecenter.view.MessageViewData p0, apptentive.com.android.feedback.messagecenter.view.ListItemType p1, apptentive.com.android.feedback.messagecenter.view.GreetingData p2, apptentive.com.android.feedback.messagecenter.view.ProfileViewData p3, apptentive.com.android.feedback.model.Message p4, int p5, java.lang.Object p6)' was removed because its name contains a dollar sign.
The method '[Method] apptentive.com.android.feedback.messagecenter.view.MessageViewData copy(apptentive.com.android.feedback.messagecenter.view.ListItemType listItemType, apptentive.com.android.feedback.messagecenter.view.GreetingData greetingData, apptentive.com.android.feedback.messagecenter.view.ProfileViewData profileData, apptentive.com.android.feedback.model.Message message)' was removed because the Java parameter type 'apptentive.com.android.feedback.model.Message' could not be found.
The method '[Method] apptentive.com.android.feedback.model.Message getMessage()' was removed because the Java return type 'apptentive.com.android.feedback.model.Message' could not be found.
The class '[Class] apptentive.com.android.feedback.messagecenter.view.MessageViewHolder' was removed because the Java base type 'androidx.recyclerview.widget.RecyclerView.ViewHolder' could not be found.
The method '[Method] apptentive.com.android.feedback.messagecenter.view.custom.ProfileView access$getProfileView$p(apptentive.com.android.feedback.messagecenter.view.ProfileActivity $this)' was removed because its name contains a dollar sign.
The method '[Method] com.google.android.material.button.MaterialButton access$getSaveButton$p(apptentive.com.android.feedback.messagecenter.view.ProfileActivity $this)' was removed because its name contains a dollar sign.
The method '[Method] void access$onBackPressed$s569050279(apptentive.com.android.feedback.messagecenter.view.ProfileActivity $this)' was removed because its name contains a dollar sign.
The method '[Method] apptentive.com.android.feedback.messagecenter.view.ProfileViewData copy$default(apptentive.com.android.feedback.messagecenter.view.ProfileViewData p0, java.lang.String p1, java.lang.String p2, boolean p3, int p4, java.lang.Object p5)' was removed because its name contains a dollar sign.
The class '[Class] apptentive.com.android.feedback.messagecenter.view.custom.AttachmentBottomSheet' was removed because the Java base type 'com.google.android.material.bottomsheet.BottomSheetDialogFragment' could not be found.
The method '[Method] void setAttachmentView(apptentive.com.android.feedback.model.Message.Attachment file, kotlin.jvm.functions.Function0<kotlin.Unit> onClickAttachment)' was removed because the Java parameter type 'apptentive.com.android.feedback.model.Message.Attachment' could not be found.
The method '[Method] void setAttachmentView(apptentive.com.android.feedback.model.Message.Attachment file, kotlin.jvm.functions.Function0<kotlin.Unit> onClickAttachment)' was removed because the Java parameter type 'kotlin.jvm.functions.Function0' could not be found.
The class '[Class] apptentive.com.android.feedback.messagecenter.view.custom.ProfileView' was removed because the Java base type 'androidx.constraintlayout.widget.ConstraintLayout' could not be found.
The class '[Class] apptentive.com.android.feedback.messagecenter.view.custom.SimpleTouchImageView' was removed because the Java base type 'androidx.appcompat.widget.AppCompatImageView' could not be found.
The class '[Class] apptentive.com.android.feedback.messagecenter.view.custom.TextViewButton' was removed because the Java base type 'com.google.android.material.textview.MaterialTextView' could not be found.
The class '[Class] apptentive.com.android.feedback.messagecenter.viewmodel.MessageCenterViewModel' was removed because the Java base type 'androidx.lifecycle.ViewModel' could not be found.
The method '[Method] boolean validateProfile(java.lang.String email, apptentive.com.android.feedback.model.MessageCenterModel model)' was removed because the Java parameter type 'apptentive.com.android.feedback.model.MessageCenterModel' could not be found.
The class '[Class] apptentive.com.android.feedback.messagecenter.viewmodel.ProfileViewModel' was removed because the Java base type 'androidx.lifecycle.ViewModel' could not be found.

==== Cycle 2 ====

The class '[Class] apptentive.com.android.feedback.messagecenter.view.MessageCenterActivity' was removed because the Java base type 'apptentive.com.android.feedback.messagecenter.view.BaseMessageCenterActivity' could not be found.
The class '[Class] apptentive.com.android.feedback.messagecenter.view.ProfileActivity' was removed because the Java base type 'apptentive.com.android.feedback.messagecenter.view.BaseProfileActivity' could not be found.

