==== Cycle 1 ====

The method '[Method] apptentive.com.android.feedback.ApptentiveClient access$getClient$p()' was removed because its name contains a dollar sign.
The method '[Method] apptentive.com.android.concurrent.Executor access$getMainExecutor$p()' was removed because its name contains a dollar sign.
The method '[Method] void engage$default(java.lang.String p0, java.util.Map p1, apptentive.com.android.feedback.EngagementCallback p2, int p3, java.lang.Object p4)' was removed because its name contains a dollar sign.
The method '[Method] void getEventNotificationObservable$annotations()' was removed because its name contains a dollar sign.
The method '[Method] apptentive.com.android.core.BehaviorSubject<apptentive.com.android.feedback.model.EventNotification> getEventNotificationSubject$apptentive_feedback_release()' was removed because its name contains a dollar sign.
The method '[Method] void getMessageCenterNotificationObservable$annotations()' was removed because its name contains a dollar sign.
The method '[Method] apptentive.com.android.core.BehaviorSubject<apptentive.com.android.feedback.model.MessageCenterNotification> getMessageCenterNotificationSubject$apptentive_feedback_release()' was removed because its name contains a dollar sign.
The method '[Method] void getRegistered$annotations()' was removed because its name contains a dollar sign.
The method '[Method] void register$default(android.app.Application p0, apptentive.com.android.feedback.ApptentiveConfiguration p1, apptentive.com.android.feedback.RegisterCallback p2, int p3, java.lang.Object p4)' was removed because its name contains a dollar sign.
The method '[Method] void register$default(apptentive.com.android.feedback.Apptentive p0, android.app.Application p1, apptentive.com.android.feedback.ApptentiveConfiguration p2, kotlin.jvm.functions.Function1 p3, int p4, java.lang.Object p5)' was removed because its name contains a dollar sign.
The method '[Method] void register(android.app.Application application, apptentive.com.android.feedback.ApptentiveConfiguration configuration, kotlin.jvm.functions.Function1<? super apptentive.com.android.feedback.RegisterResult, kotlin.Unit> callback)' was removed because the Java parameter type 'kotlin.jvm.functions.Function1' could not be found.
The method '[Method] void showMessageCenter$default(java.util.Map p0, apptentive.com.android.feedback.EngagementCallback p1, int p2, java.lang.Object p3)' was removed because its name contains a dollar sign.
The method '[Method] void updateDevice(kotlin.Pair<java.lang.String, ? extends java.lang.Object> p0, java.lang.String p1)' was removed because the Java parameter type 'kotlin.Pair' could not be found.
The method '[Method] void updatePerson(java.lang.String p0, java.lang.String p1, kotlin.Pair<java.lang.String, ? extends java.lang.Object> p2, java.lang.String p3)' was removed because the Java parameter type 'kotlin.Pair' could not be found.
The method '[Method] apptentive.com.android.feedback.EngagementResult engage$default(apptentive.com.android.feedback.ApptentiveClient p0, apptentive.com.android.feedback.engagement.Event p1, java.util.Map p2, int p3, java.lang.Object p4)' was removed because its name contains a dollar sign.
The method '[Method] void updateDevice$default(apptentive.com.android.feedback.ApptentiveClient p0, kotlin.Pair p1, java.lang.String p2, int p3, java.lang.Object p4)' was removed because its name contains a dollar sign.
The method '[Method] void updatePerson$default(apptentive.com.android.feedback.ApptentiveClient p0, java.lang.String p1, java.lang.String p2, kotlin.Pair p3, java.lang.String p4, int p5, java.lang.Object p6)' was removed because its name contains a dollar sign.
The method '[Method] apptentive.com.android.feedback.ApptentiveConfiguration copy$default(apptentive.com.android.feedback.ApptentiveConfiguration p0, java.lang.String p1, java.lang.String p2, int p3, java.lang.Object p4)' was removed because its name contains a dollar sign.
The method '[Method] void getDistributionName$annotations()' was removed because its name contains a dollar sign.
The method '[Method] void getDistributionVersion$annotations()' was removed because its name contains a dollar sign.
The constructor 'Constructor: apptentive.com.android.feedback.ApptentiveDefaultClient.ApptentiveDefaultClient' was removed because the Java parameter type 'apptentive.com.android.network.HttpClient' could not be found.
The method '[Method] apptentive.com.android.feedback.engagement.InteractionDataProvider access$createInteractionDataProvider(apptentive.com.android.feedback.ApptentiveDefaultClient $this, apptentive.com.android.feedback.model.Conversation conversation)' was removed because its name contains a dollar sign.
The method '[Method] apptentive.com.android.feedback.engagement.InteractionEngagement access$createInteractionEngagement(apptentive.com.android.feedback.ApptentiveDefaultClient $this)' was removed because its name contains a dollar sign.
The method '[Method] boolean access$getClearMessageCache$p(apptentive.com.android.feedback.ApptentiveDefaultClient $this)' was removed because its name contains a dollar sign.
The method '[Method] apptentive.com.android.encryption.Encryption access$getEncryption$p(apptentive.com.android.feedback.ApptentiveDefaultClient $this)' was removed because its name contains a dollar sign.
The method '[Method] apptentive.com.android.feedback.engagement.Engagement access$getEngagement$p(apptentive.com.android.feedback.ApptentiveDefaultClient $this)' was removed because its name contains a dollar sign.
The method '[Method] apptentive.com.android.concurrent.Executors access$getExecutors$p(apptentive.com.android.feedback.ApptentiveDefaultClient $this)' was removed because its name contains a dollar sign.
The method '[Method] apptentive.com.android.feedback.engagement.interactions.InteractionDataConverter access$getInteractionConverter(apptentive.com.android.feedback.ApptentiveDefaultClient $this)' was removed because its name contains a dollar sign.
The method '[Method] apptentive.com.android.feedback.engagement.InteractionDataProvider access$getInteractionDataProvider$p(apptentive.com.android.feedback.ApptentiveDefaultClient $this)' was removed because its name contains a dollar sign.
The method '[Method] java.util.Map access$getInteractionModules$p(apptentive.com.android.feedback.ApptentiveDefaultClient $this)' was removed because its name contains a dollar sign.
The method '[Method] void access$onPayloadSendFinish(apptentive.com.android.feedback.ApptentiveDefaultClient $this, apptentive.com.android.util.Result result)' was removed because its name contains a dollar sign.
The method '[Method] void access$recordEvent(apptentive.com.android.feedback.ApptentiveDefaultClient $this, apptentive.com.android.feedback.engagement.Event event, java.lang.String interactionId, java.util.Map data, java.util.Map customData, java.util.List extendedData)' was removed because its name contains a dollar sign.
The method '[Method] void access$recordInteraction(apptentive.com.android.feedback.ApptentiveDefaultClient $this, apptentive.com.android.feedback.engagement.interactions.Interaction interaction)' was removed because its name contains a dollar sign.
The method '[Method] void access$recordInteractionResponses(apptentive.com.android.feedback.ApptentiveDefaultClient $this, java.util.Map interactionResponses)' was removed because its name contains a dollar sign.
The method '[Method] void access$setClearMessageCache$p(apptentive.com.android.feedback.ApptentiveDefaultClient $this, boolean <set-?>)' was removed because its name contains a dollar sign.
The method '[Method] void access$setEngagement$p(apptentive.com.android.feedback.ApptentiveDefaultClient $this, apptentive.com.android.feedback.engagement.Engagement <set-?>)' was removed because its name contains a dollar sign.
The method '[Method] void access$setInteractionDataProvider$p(apptentive.com.android.feedback.ApptentiveDefaultClient $this, apptentive.com.android.feedback.engagement.InteractionDataProvider <set-?>)' was removed because its name contains a dollar sign.
The method '[Method] java.lang.String getConversationId$apptentive_feedback_release()' was removed because its name contains a dollar sign.
The method '[Method] apptentive.com.android.feedback.conversation.ConversationManager getConversationManager$apptentive_feedback_release()' was removed because its name contains a dollar sign.
The method '[Method] apptentive.com.android.feedback.message.MessageManager getMessageManager$apptentive_feedback_release()' was removed because its name contains a dollar sign.
The method '[Method] apptentive.com.android.feedback.payload.PayloadSender getPayloadSender$apptentive_feedback_release()' was removed because its name contains a dollar sign.
The method '[Method] void setConversationManager$apptentive_feedback_release(apptentive.com.android.feedback.conversation.ConversationManager <set-?>)' was removed because its name contains a dollar sign.
The method '[Method] void setMessageManager$apptentive_feedback_release(apptentive.com.android.feedback.message.MessageManager <set-?>)' was removed because its name contains a dollar sign.
The method '[Method] void setPayloadSender$apptentive_feedback_release(apptentive.com.android.feedback.payload.PayloadSender <set-?>)' was removed because its name contains a dollar sign.
The method '[Method] void start$apptentive_feedback_release(android.content.Context context, kotlin.jvm.functions.Function1<? super apptentive.com.android.feedback.RegisterResult, kotlin.Unit> registerCallback)' was removed because its name contains a dollar sign.
The method '[Method] void updateDevice(kotlin.Pair<java.lang.String, ? extends java.lang.Object> customData, java.lang.String deleteKey)' was removed because the Java parameter type 'kotlin.Pair' could not be found.
The method '[Method] void updateMessageCenterNotification$apptentive_feedback_release()' was removed because its name contains a dollar sign.
The method '[Method] void updatePerson(java.lang.String name, java.lang.String email, kotlin.Pair<java.lang.String, ? extends java.lang.Object> customData, java.lang.String deleteKey)' was removed because the Java parameter type 'kotlin.Pair' could not be found.
The constructor 'Constructor: apptentive.com.android.feedback.ApptentiveDefaultClient.Companion.ApptentiveDefaultClient.Companion' was removed because the Java parameter type 'kotlin.jvm.internal.DefaultConstructorMarker' could not be found.
The method '[Method] java.io.File access$getConversationFile(apptentive.com.android.feedback.ApptentiveDefaultClient.Companion $this)' was removed because its name contains a dollar sign.
The method '[Method] java.io.File access$getManifestFile(apptentive.com.android.feedback.ApptentiveDefaultClient.Companion $this)' was removed because its name contains a dollar sign.
The method '[Method] java.io.File access$getMessagesFile(apptentive.com.android.feedback.ApptentiveDefaultClient.Companion $this)' was removed because its name contains a dollar sign.
The method '[Method] void updateDevice(kotlin.Pair<java.lang.String, ? extends java.lang.Object> customData, java.lang.String deleteKey)' was removed because the Java parameter type 'kotlin.Pair' could not be found.
The method '[Method] void updatePerson(java.lang.String name, java.lang.String email, kotlin.Pair<java.lang.String, ? extends java.lang.Object> customData, java.lang.String deleteKey)' was removed because the Java parameter type 'kotlin.Pair' could not be found.
The constructor 'Constructor: apptentive.com.android.feedback.EngagementResult.EngagementResult' was removed because the Java parameter type 'kotlin.jvm.internal.DefaultConstructorMarker' could not be found.
The method '[Method] apptentive.com.android.feedback.EngagementResult.Error copy$default(apptentive.com.android.feedback.EngagementResult.Error p0, java.lang.String p1, int p2, java.lang.Object p3)' was removed because its name contains a dollar sign.
The method '[Method] apptentive.com.android.feedback.EngagementResult.Exception copy$default(apptentive.com.android.feedback.EngagementResult.Exception p0, java.lang.Exception p1, int p2, java.lang.Object p3)' was removed because its name contains a dollar sign.
The method '[Method] apptentive.com.android.feedback.EngagementResult.InteractionNotShown copy$default(apptentive.com.android.feedback.EngagementResult.InteractionNotShown p0, java.lang.String p1, int p2, java.lang.Object p3)' was removed because its name contains a dollar sign.
The method '[Method] apptentive.com.android.feedback.EngagementResult.InteractionShown copy$default(apptentive.com.android.feedback.EngagementResult.InteractionShown p0, java.lang.String p1, int p2, java.lang.Object p3)' was removed because its name contains a dollar sign.
The constructor 'Constructor: apptentive.com.android.feedback.InteractionModuleComponent.Companion.InteractionModuleComponent.Companion' was removed because the Java parameter type 'kotlin.jvm.internal.DefaultConstructorMarker' could not be found.
The constructor 'Constructor: apptentive.com.android.feedback.RegisterResult.RegisterResult' was removed because the Java parameter type 'kotlin.jvm.internal.DefaultConstructorMarker' could not be found.
The method '[Method] apptentive.com.android.feedback.RegisterResult.Exception copy$default(apptentive.com.android.feedback.RegisterResult.Exception p0, java.lang.Throwable p1, int p2, java.lang.Object p3)' was removed because its name contains a dollar sign.
The method '[Method] apptentive.com.android.feedback.RegisterResult.Failure copy$default(apptentive.com.android.feedback.RegisterResult.Failure p0, java.lang.String p1, int p2, int p3, java.lang.Object p4)' was removed because its name contains a dollar sign.
The method '[Method] apptentive.com.android.feedback.backend.AppReleaseSdkRequestData copy$default(apptentive.com.android.feedback.backend.AppReleaseSdkRequestData p0, java.lang.String p1, java.lang.String p2, java.lang.String p3, java.lang.String p4, java.lang.String p5, java.lang.String p6, java.lang.String p7, java.lang.String p8, java.lang.String p9, java.lang.String p10, boolean p11, java.lang.String p12, boolean p13, boolean p14, java.lang.String p15, java.lang.String p16, java.lang.String p17, long p18, java.lang.String p19, int p20, java.lang.Object p21)' was removed because its name contains a dollar sign.
The constructor 'Constructor: apptentive.com.android.feedback.backend.AppReleaseSdkRequestData.Companion.AppReleaseSdkRequestData.Companion' was removed because the Java parameter type 'kotlin.jvm.internal.DefaultConstructorMarker' could not be found.
The class '[Class] apptentive.com.android.feedback.backend.ConfigurationReader' was removed because the Java implemented interface type 'apptentive.com.android.network.HttpResponseReader<apptentive.com.android.feedback.model.Configuration>' could not be found.
The method '[Method] void fetchConfiguration(java.lang.String p0, java.lang.String p1, kotlin.jvm.functions.Function1<? super apptentive.com.android.util.Result<apptentive.com.android.feedback.model.Configuration>, kotlin.Unit> p2)' was removed because the Java parameter type 'kotlin.jvm.functions.Function1' could not be found.
The method '[Method] apptentive.com.android.feedback.backend.ConversationCredentials copy$default(apptentive.com.android.feedback.backend.ConversationCredentials p0, java.lang.String p1, java.lang.String p2, java.lang.String p3, java.lang.String p4, java.lang.String p5, int p6, java.lang.Object p7)' was removed because its name contains a dollar sign.
The method '[Method] void fetchConversationToken(apptentive.com.android.feedback.model.Device p0, apptentive.com.android.feedback.model.SDK p1, apptentive.com.android.feedback.model.AppRelease p2, apptentive.com.android.feedback.model.Person p3, kotlin.jvm.functions.Function1<? super apptentive.com.android.util.Result<apptentive.com.android.feedback.backend.ConversationCredentials>, kotlin.Unit> p4)' was removed because the Java parameter type 'kotlin.jvm.functions.Function1' could not be found.
The method '[Method] void sendPayload(apptentive.com.android.feedback.payload.PayloadData payload, kotlin.jvm.functions.Function1<? super apptentive.com.android.util.Result<apptentive.com.android.feedback.payload.PayloadData>, kotlin.Unit> callback)' was removed because the Java parameter type 'kotlin.jvm.functions.Function1' could not be found.
The constructor 'Constructor: apptentive.com.android.feedback.backend.ConversationTokenRequestData.ConversationTokenRequestData' was removed because the Java parameter type 'kotlin.jvm.internal.DefaultConstructorMarker' could not be found.
The method '[Method] apptentive.com.android.feedback.backend.ConversationTokenRequestData copy$default(apptentive.com.android.feedback.backend.ConversationTokenRequestData p0, apptentive.com.android.feedback.backend.DeviceRequestData p1, apptentive.com.android.feedback.backend.AppReleaseSdkRequestData p2, apptentive.com.android.feedback.backend.PersonRequestData p3, int p4, java.lang.Object p5)' was removed because its name contains a dollar sign.
The constructor 'Constructor: apptentive.com.android.feedback.backend.ConversationTokenRequestData.Companion.ConversationTokenRequestData.Companion' was removed because the Java parameter type 'kotlin.jvm.internal.DefaultConstructorMarker' could not be found.
The constructor 'Constructor: apptentive.com.android.feedback.backend.DefaultConversationService.DefaultConversationService' was removed because the Java parameter type 'apptentive.com.android.network.HttpClient' could not be found.
The method '[Method] java.lang.String access$createURL(apptentive.com.android.feedback.backend.DefaultConversationService $this, java.lang.String path)' was removed because its name contains a dollar sign.
The method '[Method] apptentive.com.android.network.MutableHttpHeaders access$getDefaultHeaders$p(apptentive.com.android.feedback.backend.DefaultConversationService $this)' was removed because its name contains a dollar sign.
The method '[Method] void fetchConfiguration(java.lang.String conversationToken, java.lang.String conversationId, kotlin.jvm.functions.Function1<? super apptentive.com.android.util.Result<apptentive.com.android.feedback.model.Configuration>, kotlin.Unit> callback)' was removed because the Java parameter type 'kotlin.jvm.functions.Function1' could not be found.
The method '[Method] void fetchConversationToken(apptentive.com.android.feedback.model.Device device, apptentive.com.android.feedback.model.SDK sdk, apptentive.com.android.feedback.model.AppRelease appRelease, apptentive.com.android.feedback.model.Person person, kotlin.jvm.functions.Function1<? super apptentive.com.android.util.Result<apptentive.com.android.feedback.backend.ConversationCredentials>, kotlin.Unit> callback)' was removed because the Java parameter type 'kotlin.jvm.functions.Function1' could not be found.
The method '[Method] void fetchEngagementManifest(java.lang.String conversationToken, java.lang.String conversationId, kotlin.jvm.functions.Function1<? super apptentive.com.android.util.Result<apptentive.com.android.feedback.model.EngagementManifest>, kotlin.Unit> callback)' was removed because the Java parameter type 'kotlin.jvm.functions.Function1' could not be found.
The method '[Method] void getAttachment(java.lang.String remoteUrl, kotlin.jvm.functions.Function1<? super apptentive.com.android.util.Result<byte[]>, kotlin.Unit> callback)' was removed because the Java parameter type 'kotlin.jvm.functions.Function1' could not be found.
The method '[Method] void getMessages(java.lang.String conversationToken, java.lang.String conversationId, java.lang.String lastMessageID, kotlin.jvm.functions.Function1<? super apptentive.com.android.util.Result<apptentive.com.android.feedback.model.MessageList>, kotlin.Unit> callback)' was removed because the Java parameter type 'kotlin.jvm.functions.Function1' could not be found.
The method '[Method] void sendPayloadRequest(apptentive.com.android.feedback.payload.PayloadData payload, java.lang.String conversationId, java.lang.String conversationToken, kotlin.jvm.functions.Function1<? super apptentive.com.android.util.Result<apptentive.com.android.feedback.backend.PayloadResponse>, kotlin.Unit> callback)' was removed because the Java parameter type 'kotlin.jvm.functions.Function1' could not be found.
The constructor 'Constructor: apptentive.com.android.feedback.backend.DeviceRequestData.Companion.DeviceRequestData.Companion' was removed because the Java parameter type 'kotlin.jvm.internal.DefaultConstructorMarker' could not be found.
The class '[Class] apptentive.com.android.feedback.backend.EngagementManifestReader' was removed because the Java implemented interface type 'apptentive.com.android.network.HttpResponseReader<apptentive.com.android.feedback.model.EngagementManifest>' could not be found.
The method '[Method] void fetchEngagementManifest(java.lang.String p0, java.lang.String p1, kotlin.jvm.functions.Function1<? super apptentive.com.android.util.Result<apptentive.com.android.feedback.model.EngagementManifest>, kotlin.Unit> p2)' was removed because the Java parameter type 'kotlin.jvm.functions.Function1' could not be found.
The constructor 'Constructor: apptentive.com.android.feedback.backend.IntegrationConfigRequestData.IntegrationConfigRequestData' was removed because the Java parameter type 'kotlin.jvm.internal.DefaultConstructorMarker' could not be found.
The method '[Method] apptentive.com.android.feedback.backend.IntegrationConfigRequestData copy$default(apptentive.com.android.feedback.backend.IntegrationConfigRequestData p0, java.util.Map p1, java.util.Map p2, java.util.Map p3, java.util.Map p4, int p5, java.lang.Object p6)' was removed because its name contains a dollar sign.
The constructor 'Constructor: apptentive.com.android.feedback.backend.IntegrationConfigRequestData.Companion.IntegrationConfigRequestData.Companion' was removed because the Java parameter type 'kotlin.jvm.internal.DefaultConstructorMarker' could not be found.
The method '[Method] void getAttachment(java.lang.String remoteUrl, kotlin.jvm.functions.Function1<? super apptentive.com.android.util.Result<byte[]>, kotlin.Unit> callback)' was removed because the Java parameter type 'kotlin.jvm.functions.Function1' could not be found.
The method '[Method] void getMessages(java.lang.String conversationToken, java.lang.String conversationId, java.lang.String lastMessageID, kotlin.jvm.functions.Function1<? super apptentive.com.android.util.Result<apptentive.com.android.feedback.model.MessageList>, kotlin.Unit> callback)' was removed because the Java parameter type 'kotlin.jvm.functions.Function1' could not be found.
The method '[Method] void sendPayloadRequest(apptentive.com.android.feedback.payload.PayloadData p0, java.lang.String p1, java.lang.String p2, kotlin.jvm.functions.Function1<? super apptentive.com.android.util.Result<apptentive.com.android.feedback.backend.PayloadResponse>, kotlin.Unit> p3)' was removed because the Java parameter type 'kotlin.jvm.functions.Function1' could not be found.
The method '[Method] apptentive.com.android.feedback.backend.PersonRequestData copy$default(apptentive.com.android.feedback.backend.PersonRequestData p0, java.lang.String p1, java.lang.String p2, java.lang.String p3, java.util.Map p4, int p5, java.lang.Object p6)' was removed because its name contains a dollar sign.
The constructor 'Constructor: apptentive.com.android.feedback.backend.PersonRequestData.Companion.PersonRequestData.Companion' was removed because the Java parameter type 'kotlin.jvm.internal.DefaultConstructorMarker' could not be found.
The method '[Method] apptentive.com.android.core.BehaviorSubject access$getActiveConversationSubject$p(apptentive.com.android.feedback.conversation.ConversationManager $this)' was removed because its name contains a dollar sign.
The method '[Method] void access$saveConversation(apptentive.com.android.feedback.conversation.ConversationManager $this, apptentive.com.android.feedback.model.Conversation conversation)' was removed because its name contains a dollar sign.
The method '[Method] void fetchConversationToken(kotlin.jvm.functions.Function1<? super apptentive.com.android.util.Result<kotlin.Unit>, kotlin.Unit> callback)' was removed because the Java parameter type 'kotlin.jvm.functions.Function1' could not be found.
The method '[Method] apptentive.com.android.feedback.model.Conversation loadExistingConversation$apptentive_feedback_release()' was removed because its name contains a dollar sign.
The method '[Method] apptentive.com.android.serialization.TypeSerializer<apptentive.com.android.feedback.model.AppRelease> getAppReleaseSerializer()' was removed because the Java return type 'apptentive.com.android.serialization.TypeSerializer<apptentive.com.android.feedback.model.AppRelease>' could not be found.
The method '[Method] apptentive.com.android.serialization.TypeSerializer<apptentive.com.android.feedback.model.Configuration> getConfigurationSerializer()' was removed because the Java return type 'apptentive.com.android.serialization.TypeSerializer<apptentive.com.android.feedback.model.Configuration>' could not be found.
The method '[Method] apptentive.com.android.serialization.TypeSerializer<apptentive.com.android.feedback.model.Conversation> getConversationSerializer()' was removed because the Java return type 'apptentive.com.android.serialization.TypeSerializer<apptentive.com.android.feedback.model.Conversation>' could not be found.
The method '[Method] apptentive.com.android.serialization.TypeSerializer<apptentive.com.android.feedback.model.CustomData> getCustomDataSerializer()' was removed because the Java return type 'apptentive.com.android.serialization.TypeSerializer<apptentive.com.android.feedback.model.CustomData>' could not be found.
The method '[Method] apptentive.com.android.serialization.TypeSerializer<apptentive.com.android.feedback.engagement.criteria.DateTime> getDateTimeSerializer()' was removed because the Java return type 'apptentive.com.android.serialization.TypeSerializer<apptentive.com.android.feedback.engagement.criteria.DateTime>' could not be found.
The method '[Method] apptentive.com.android.serialization.TypeSerializer<apptentive.com.android.feedback.model.Device> getDeviceSerializer()' was removed because the Java return type 'apptentive.com.android.serialization.TypeSerializer<apptentive.com.android.feedback.model.Device>' could not be found.
The method '[Method] apptentive.com.android.serialization.TypeSerializer<apptentive.com.android.feedback.model.EngagementData> getEngagementDataSerializer()' was removed because the Java return type 'apptentive.com.android.serialization.TypeSerializer<apptentive.com.android.feedback.model.EngagementData>' could not be found.
The method '[Method] apptentive.com.android.serialization.TypeSerializer<apptentive.com.android.feedback.model.EngagementRecord> getEngagementRecordSerializer()' was removed because the Java return type 'apptentive.com.android.serialization.TypeSerializer<apptentive.com.android.feedback.model.EngagementRecord>' could not be found.
The method '[Method] apptentive.com.android.serialization.TypeSerializer<apptentive.com.android.feedback.engagement.Event> getEventSerializer()' was removed because the Java return type 'apptentive.com.android.serialization.TypeSerializer<apptentive.com.android.feedback.engagement.Event>' could not be found.
The method '[Method] apptentive.com.android.serialization.StringSerializer getInteractionIdSerializer()' was removed because the Java return type 'apptentive.com.android.serialization.StringSerializer' could not be found.
The method '[Method] apptentive.com.android.serialization.TypeSerializer<apptentive.com.android.feedback.engagement.interactions.InteractionResponseData> getInteractionResponseDataSerializer()' was removed because the Java return type 'apptentive.com.android.serialization.TypeSerializer<apptentive.com.android.feedback.engagement.interactions.InteractionResponseData>' could not be found.
The method '[Method] apptentive.com.android.serialization.TypeSerializer<apptentive.com.android.feedback.engagement.interactions.InteractionResponse> getInteractionResponseSerializer()' was removed because the Java return type 'apptentive.com.android.serialization.TypeSerializer<apptentive.com.android.feedback.engagement.interactions.InteractionResponse>' could not be found.
The method '[Method] apptentive.com.android.serialization.TypeSerializer<apptentive.com.android.feedback.model.Configuration.MessageCenter> getMessageCenterConfigurationSerializer()' was removed because the Java return type 'apptentive.com.android.serialization.TypeSerializer<apptentive.com.android.feedback.model.Configuration.MessageCenter>' could not be found.
The method '[Method] apptentive.com.android.serialization.TypeSerializer<apptentive.com.android.feedback.model.Person> getPersonSerializer()' was removed because the Java return type 'apptentive.com.android.serialization.TypeSerializer<apptentive.com.android.feedback.model.Person>' could not be found.
The method '[Method] apptentive.com.android.serialization.TypeSerializer<apptentive.com.android.feedback.model.RandomSampling> getRandomSamplingSerializer()' was removed because the Java return type 'apptentive.com.android.serialization.TypeSerializer<apptentive.com.android.feedback.model.RandomSampling>' could not be found.
The method '[Method] apptentive.com.android.serialization.TypeSerializer<apptentive.com.android.feedback.model.SDK> getSdkSerializer()' was removed because the Java return type 'apptentive.com.android.serialization.TypeSerializer<apptentive.com.android.feedback.model.SDK>' could not be found.
The method '[Method] apptentive.com.android.serialization.LongSerializer getVersionCodeSerializer()' was removed because the Java return type 'apptentive.com.android.serialization.LongSerializer' could not be found.
The method '[Method] apptentive.com.android.serialization.StringSerializer getVersionNameSerializer()' was removed because the Java return type 'apptentive.com.android.serialization.StringSerializer' could not be found.
The constructor 'Constructor: apptentive.com.android.feedback.engagement.DefaultEngagement.DefaultEngagement' was removed because the Java parameter type 'kotlin.jvm.functions.Function5' could not be found.
The constructor 'Constructor: apptentive.com.android.feedback.engagement.DefaultEngagement.DefaultEngagement' was removed because the Java parameter type 'kotlin.jvm.functions.Function1' could not be found.
The constructor 'Constructor: apptentive.com.android.feedback.engagement.DefaultEngagement.DefaultEngagement' was removed because the Java parameter type 'kotlin.jvm.functions.Function1' could not be found.
The method '[Method] apptentive.com.android.feedback.engagement.DefaultEngagement copy$default(apptentive.com.android.feedback.engagement.DefaultEngagement p0, apptentive.com.android.feedback.engagement.InteractionDataProvider p1, apptentive.com.android.feedback.engagement.interactions.InteractionDataConverter p2, apptentive.com.android.feedback.engagement.InteractionEngagement p3, kotlin.jvm.functions.Function5 p4, kotlin.jvm.functions.Function1 p5, kotlin.jvm.functions.Function1 p6, int p7, java.lang.Object p8)' was removed because its name contains a dollar sign.
The method '[Method] apptentive.com.android.feedback.engagement.DefaultEngagement copy(apptentive.com.android.feedback.engagement.InteractionDataProvider interactionDataProvider, apptentive.com.android.feedback.engagement.interactions.InteractionDataConverter interactionConverter, apptentive.com.android.feedback.engagement.InteractionEngagement interactionEngagement, kotlin.jvm.functions.Function5<? super apptentive.com.android.feedback.engagement.Event, ? super java.lang.String, ? super java.util.Map<java.lang.String, ? extends java.lang.Object>, ? super java.util.Map<java.lang.String, ? extends java.lang.Object>, ? super java.util.List<apptentive.com.android.feedback.model.payloads.ExtendedData>, kotlin.Unit> recordEvent, kotlin.jvm.functions.Function1<? super apptentive.com.android.feedback.engagement.interactions.Interaction, kotlin.Unit> recordInteraction, kotlin.jvm.functions.Function1<? super java.util.Map<java.lang.String, ? extends java.util.Set<? extends apptentive.com.android.feedback.engagement.interactions.InteractionResponse>>, kotlin.Unit> recordInteractionResponses)' was removed because the Java parameter type 'kotlin.jvm.functions.Function5' could not be found.
The method '[Method] apptentive.com.android.feedback.engagement.DefaultEngagement copy(apptentive.com.android.feedback.engagement.InteractionDataProvider interactionDataProvider, apptentive.com.android.feedback.engagement.interactions.InteractionDataConverter interactionConverter, apptentive.com.android.feedback.engagement.InteractionEngagement interactionEngagement, kotlin.jvm.functions.Function5<? super apptentive.com.android.feedback.engagement.Event, ? super java.lang.String, ? super java.util.Map<java.lang.String, ? extends java.lang.Object>, ? super java.util.Map<java.lang.String, ? extends java.lang.Object>, ? super java.util.List<apptentive.com.android.feedback.model.payloads.ExtendedData>, kotlin.Unit> recordEvent, kotlin.jvm.functions.Function1<? super apptentive.com.android.feedback.engagement.interactions.Interaction, kotlin.Unit> recordInteraction, kotlin.jvm.functions.Function1<? super java.util.Map<java.lang.String, ? extends java.util.Set<? extends apptentive.com.android.feedback.engagement.interactions.InteractionResponse>>, kotlin.Unit> recordInteractionResponses)' was removed because the Java parameter type 'kotlin.jvm.functions.Function1' could not be found.
The method '[Method] apptentive.com.android.feedback.engagement.DefaultEngagement copy(apptentive.com.android.feedback.engagement.InteractionDataProvider interactionDataProvider, apptentive.com.android.feedback.engagement.interactions.InteractionDataConverter interactionConverter, apptentive.com.android.feedback.engagement.InteractionEngagement interactionEngagement, kotlin.jvm.functions.Function5<? super apptentive.com.android.feedback.engagement.Event, ? super java.lang.String, ? super java.util.Map<java.lang.String, ? extends java.lang.Object>, ? super java.util.Map<java.lang.String, ? extends java.lang.Object>, ? super java.util.List<apptentive.com.android.feedback.model.payloads.ExtendedData>, kotlin.Unit> recordEvent, kotlin.jvm.functions.Function1<? super apptentive.com.android.feedback.engagement.interactions.Interaction, kotlin.Unit> recordInteraction, kotlin.jvm.functions.Function1<? super java.util.Map<java.lang.String, ? extends java.util.Set<? extends apptentive.com.android.feedback.engagement.interactions.InteractionResponse>>, kotlin.Unit> recordInteractionResponses)' was removed because the Java parameter type 'kotlin.jvm.functions.Function1' could not be found.
The method '[Method] apptentive.com.android.feedback.engagement.DefaultInteractionEngagement copy$default(apptentive.com.android.feedback.engagement.DefaultInteractionEngagement p0, java.util.Map p1, int p2, java.lang.Object p3)' was removed because its name contains a dollar sign.
The method '[Method] apptentive.com.android.feedback.EngagementResult engage$default(apptentive.com.android.feedback.engagement.Engagement p0, apptentive.com.android.feedback.engagement.EngagementContext p1, apptentive.com.android.feedback.engagement.Event p2, java.lang.String p3, java.util.Map p4, java.util.Map p5, java.util.List p6, java.util.Map p7, int p8, java.lang.Object p9)' was removed because its name contains a dollar sign.
The method '[Method] apptentive.com.android.feedback.EngagementResult engage$default(apptentive.com.android.feedback.engagement.EngagementContext p0, apptentive.com.android.feedback.engagement.Event p1, java.lang.String p2, java.util.Map p3, java.util.Map p4, java.util.List p5, java.util.Map p6, int p7, java.lang.Object p8)' was removed because its name contains a dollar sign.
The method '[Method] androidx.fragment.app.FragmentManager getFragmentManager$default(apptentive.com.android.feedback.engagement.EngagementContext p0, android.content.Context p1, int p2, java.lang.Object p3)' was removed because its name contains a dollar sign.
The method '[Method] androidx.fragment.app.FragmentManager getFragmentManager(android.content.Context context)' was removed because the Java return type 'androidx.fragment.app.FragmentManager' could not be found.
The method '[Method] apptentive.com.android.feedback.engagement.Engagement access$getEngagement$p(apptentive.com.android.feedback.engagement.EngagementContextProvider $this)' was removed because its name contains a dollar sign.
The method '[Method] apptentive.com.android.concurrent.Executors access$getExecutor$p(apptentive.com.android.feedback.engagement.EngagementContextProvider $this)' was removed because its name contains a dollar sign.
The method '[Method] apptentive.com.android.feedback.payload.PayloadSender access$getPayloadSender$p(apptentive.com.android.feedback.engagement.EngagementContextProvider $this)' was removed because its name contains a dollar sign.
The method '[Method] apptentive.com.android.feedback.engagement.Event copy$default(apptentive.com.android.feedback.engagement.Event p0, java.lang.String p1, java.lang.String p2, java.lang.String p3, int p4, java.lang.Object p5)' was removed because its name contains a dollar sign.
The constructor 'Constructor: apptentive.com.android.feedback.engagement.Event.Companion.Event.Companion' was removed because the Java parameter type 'kotlin.jvm.internal.DefaultConstructorMarker' could not be found.
The method '[Method] java.lang.String access$escapeCharacters(apptentive.com.android.feedback.engagement.Event.Companion $this, java.lang.String value)' was removed because its name contains a dollar sign.
The method '[Method] apptentive.com.android.feedback.engagement.Event internal$default(apptentive.com.android.feedback.engagement.Event.Companion p0, java.lang.String p1, java.lang.String p2, int p3, java.lang.Object p4)' was removed because its name contains a dollar sign.
The method '[Method] java.lang.String access$toPrettyDate(apptentive.com.android.feedback.engagement.criteria.ConditionalOperator.Companion $this, java.lang.Object value)' was removed because its name contains a dollar sign.
The method '[Method] apptentive.com.android.feedback.engagement.criteria.ConditionalOperator parse$apptentive_feedback_release(java.lang.String value)' was removed because its name contains a dollar sign.
The method '[Method] int access$compare(java.lang.Object a, java.lang.Object b)' was removed because its name contains a dollar sign.
The method '[Method] int access$compareNumbers(java.lang.Number first, double second)' was removed because its name contains a dollar sign.
The method '[Method] apptentive.com.android.feedback.engagement.criteria.ConditionalTest copy$default(apptentive.com.android.feedback.engagement.criteria.ConditionalTest p0, apptentive.com.android.feedback.engagement.criteria.ConditionalOperator p1, java.lang.Object p2, int p3, java.lang.Object p4)' was removed because its name contains a dollar sign.
The method '[Method] apptentive.com.android.feedback.engagement.criteria.DateTime copy$default(apptentive.com.android.feedback.engagement.criteria.DateTime p0, double p1, int p2, java.lang.Object p3)' was removed because its name contains a dollar sign.
The constructor 'Constructor: apptentive.com.android.feedback.engagement.criteria.DateTime.Companion.DateTime.Companion' was removed because the Java parameter type 'kotlin.jvm.internal.DefaultConstructorMarker' could not be found.
The constructor 'Constructor: apptentive.com.android.feedback.engagement.criteria.DefaultTargetingState.DefaultTargetingState' was removed because the Java parameter type 'kotlin.jvm.internal.DefaultConstructorMarker' could not be found.
The method '[Method] apptentive.com.android.feedback.engagement.criteria.DefaultTargetingState copy$default(apptentive.com.android.feedback.engagement.criteria.DefaultTargetingState p0, apptentive.com.android.feedback.model.Person p1, apptentive.com.android.feedback.model.Device p2, apptentive.com.android.feedback.model.SDK p3, apptentive.com.android.feedback.model.AppRelease p4, apptentive.com.android.feedback.model.RandomSampling p5, apptentive.com.android.feedback.model.EngagementData p6, apptentive.com.android.core.TimeSource p7, int p8, java.lang.Object p9)' was removed because its name contains a dollar sign.
The constructor 'Constructor: apptentive.com.android.feedback.engagement.criteria.Field.Field' was removed because the Java parameter type 'kotlin.jvm.internal.DefaultConstructorMarker' could not be found.
The method '[Method] apptentive.com.android.feedback.engagement.criteria.Field.code_point.invokes.total copy$default(apptentive.com.android.feedback.engagement.criteria.Field.code_point.invokes.total p0, apptentive.com.android.feedback.engagement.Event p1, int p2, java.lang.Object p3)' was removed because its name contains a dollar sign.
The method '[Method] apptentive.com.android.feedback.engagement.criteria.Field.code_point.invokes.version_code copy$default(apptentive.com.android.feedback.engagement.criteria.Field.code_point.invokes.version_code p0, apptentive.com.android.feedback.engagement.Event p1, int p2, java.lang.Object p3)' was removed because its name contains a dollar sign.
The method '[Method] apptentive.com.android.feedback.engagement.criteria.Field.code_point.invokes.version_name copy$default(apptentive.com.android.feedback.engagement.criteria.Field.code_point.invokes.version_name p0, apptentive.com.android.feedback.engagement.Event p1, int p2, java.lang.Object p3)' was removed because its name contains a dollar sign.
The method '[Method] apptentive.com.android.feedback.engagement.criteria.Field.code_point.last_invoked_at.total copy$default(apptentive.com.android.feedback.engagement.criteria.Field.code_point.last_invoked_at.total p0, apptentive.com.android.feedback.engagement.Event p1, int p2, java.lang.Object p3)' was removed because its name contains a dollar sign.
The constructor 'Constructor: apptentive.com.android.feedback.engagement.criteria.Field.Companion.Field.Companion' was removed because the Java parameter type 'kotlin.jvm.internal.DefaultConstructorMarker' could not be found.
The method '[Method] apptentive.com.android.feedback.engagement.criteria.Field.device.custom_data copy$default(apptentive.com.android.feedback.engagement.criteria.Field.device.custom_data p0, java.lang.String p1, int p2, java.lang.Object p3)' was removed because its name contains a dollar sign.
The method '[Method] apptentive.com.android.feedback.engagement.criteria.Field.interactions.answers.id copy$default(apptentive.com.android.feedback.engagement.criteria.Field.interactions.answers.id p0, java.lang.String p1, int p2, java.lang.Object p3)' was removed because its name contains a dollar sign.
The method '[Method] apptentive.com.android.feedback.engagement.criteria.Field.interactions.answers.value copy$default(apptentive.com.android.feedback.engagement.criteria.Field.interactions.answers.value p0, java.lang.String p1, int p2, java.lang.Object p3)' was removed because its name contains a dollar sign.
The method '[Method] apptentive.com.android.feedback.engagement.criteria.Field.interactions.invokes.total copy$default(apptentive.com.android.feedback.engagement.criteria.Field.interactions.invokes.total p0, java.lang.String p1, int p2, java.lang.Object p3)' was removed because its name contains a dollar sign.
The method '[Method] apptentive.com.android.feedback.engagement.criteria.Field.interactions.invokes.version_code copy$default(apptentive.com.android.feedback.engagement.criteria.Field.interactions.invokes.version_code p0, java.lang.String p1, int p2, java.lang.Object p3)' was removed because its name contains a dollar sign.
The method '[Method] apptentive.com.android.feedback.engagement.criteria.Field.interactions.invokes.version_name copy$default(apptentive.com.android.feedback.engagement.criteria.Field.interactions.invokes.version_name p0, java.lang.String p1, int p2, java.lang.Object p3)' was removed because its name contains a dollar sign.
The method '[Method] apptentive.com.android.feedback.engagement.criteria.Field.interactions.last_invoked_at.total copy$default(apptentive.com.android.feedback.engagement.criteria.Field.interactions.last_invoked_at.total p0, java.lang.String p1, int p2, java.lang.Object p3)' was removed because its name contains a dollar sign.
The method '[Method] apptentive.com.android.feedback.engagement.criteria.Field.person.custom_data copy$default(apptentive.com.android.feedback.engagement.criteria.Field.person.custom_data p0, java.lang.String p1, int p2, java.lang.Object p3)' was removed because its name contains a dollar sign.
The method '[Method] apptentive.com.android.feedback.engagement.criteria.Field.random.percent_with_id copy$default(apptentive.com.android.feedback.engagement.criteria.Field.random.percent_with_id p0, java.lang.String p1, int p2, java.lang.Object p3)' was removed because its name contains a dollar sign.
The method '[Method] apptentive.com.android.feedback.engagement.criteria.Field.unknown copy$default(apptentive.com.android.feedback.engagement.criteria.Field.unknown p0, java.lang.String p1, int p2, java.lang.Object p3)' was removed because its name contains a dollar sign.
The field 'Java.Interop.Tools.JavaTypeSystem.Models.JavaFieldModel' was removed because its name contains a dollar sign.
The method '[Method] apptentive.com.android.feedback.engagement.criteria.InteractionClauseCriteria copy$default(apptentive.com.android.feedback.engagement.criteria.InteractionClauseCriteria p0, apptentive.com.android.feedback.engagement.criteria.Clause p1, int p2, java.lang.Object p3)' was removed because its name contains a dollar sign.
The method '[Method] boolean isMet$default(apptentive.com.android.feedback.engagement.criteria.InteractionCriteria p0, apptentive.com.android.feedback.engagement.criteria.TargetingState p1, boolean p2, int p3, java.lang.Object p4)' was removed because its name contains a dollar sign.
The method '[Method] apptentive.com.android.feedback.engagement.criteria.Invocation copy$default(apptentive.com.android.feedback.engagement.criteria.Invocation p0, java.lang.String p1, apptentive.com.android.feedback.engagement.criteria.InteractionCriteria p2, int p3, java.lang.Object p4)' was removed because its name contains a dollar sign.
The constructor 'Constructor: apptentive.com.android.feedback.engagement.criteria.Version.Version' was removed because the Java parameter type 'kotlin.jvm.internal.DefaultConstructorMarker' could not be found.
The method '[Method] apptentive.com.android.feedback.engagement.criteria.Version copy$default(apptentive.com.android.feedback.engagement.criteria.Version p0, long p1, long p2, long p3, long p4, java.lang.String p5, int p6, java.lang.Object p7)' was removed because its name contains a dollar sign.
The constructor 'Constructor: apptentive.com.android.feedback.engagement.criteria.Version.Companion.Version.Companion' was removed because the Java parameter type 'kotlin.jvm.internal.DefaultConstructorMarker' could not be found.
The method '[Method] apptentive.com.android.feedback.engagement.interactions.DefaultInteractionDataConverter copy$default(apptentive.com.android.feedback.engagement.interactions.DefaultInteractionDataConverter p0, java.util.Map p1, int p2, java.lang.Object p3)' was removed because its name contains a dollar sign.
The method '[Method] apptentive.com.android.feedback.engagement.interactions.InteractionData copy$default(apptentive.com.android.feedback.engagement.interactions.InteractionData p0, java.lang.String p1, java.lang.String p2, java.lang.String p3, java.util.Map p4, int p5, java.lang.Object p6)' was removed because its name contains a dollar sign.
The method '[Method] void InteractionId$annotations()' was removed because its name contains a dollar sign.
The constructor 'Constructor: apptentive.com.android.feedback.engagement.interactions.InteractionResponse.InteractionResponse' was removed because the Java parameter type 'kotlin.jvm.internal.DefaultConstructorMarker' could not be found.
The method '[Method] apptentive.com.android.feedback.engagement.interactions.InteractionResponse.IdResponse copy$default(apptentive.com.android.feedback.engagement.interactions.InteractionResponse.IdResponse p0, java.lang.String p1, int p2, java.lang.Object p3)' was removed because its name contains a dollar sign.
The method '[Method] apptentive.com.android.feedback.engagement.interactions.InteractionResponse.LongResponse copy$default(apptentive.com.android.feedback.engagement.interactions.InteractionResponse.LongResponse p0, long p1, int p2, java.lang.Object p3)' was removed because its name contains a dollar sign.
The method '[Method] apptentive.com.android.feedback.engagement.interactions.InteractionResponse.OtherResponse copy$default(apptentive.com.android.feedback.engagement.interactions.InteractionResponse.OtherResponse p0, java.lang.String p1, java.lang.String p2, int p3, java.lang.Object p4)' was removed because its name contains a dollar sign.
The method '[Method] apptentive.com.android.feedback.engagement.interactions.InteractionResponse.StringResponse copy$default(apptentive.com.android.feedback.engagement.interactions.InteractionResponse.StringResponse p0, java.lang.String p1, int p2, java.lang.Object p3)' was removed because its name contains a dollar sign.
The method '[Method] apptentive.com.android.feedback.engagement.interactions.InteractionResponseData copy$default(apptentive.com.android.feedback.engagement.interactions.InteractionResponseData p0, java.util.Set p1, apptentive.com.android.feedback.model.EngagementRecord p2, int p3, java.lang.Object p4)' was removed because its name contains a dollar sign.
The method '[Method] apptentive.com.android.feedback.engagement.interactions.InteractionType access$getAppStoreRating$cp()' was removed because its name contains a dollar sign.
The method '[Method] apptentive.com.android.feedback.engagement.interactions.InteractionType access$getEnjoymentDialog$cp()' was removed because its name contains a dollar sign.
The method '[Method] apptentive.com.android.feedback.engagement.interactions.InteractionType access$getGoogleInAppReview$cp()' was removed because its name contains a dollar sign.
The method '[Method] apptentive.com.android.feedback.engagement.interactions.InteractionType access$getMessageCenter$cp()' was removed because its name contains a dollar sign.
The method '[Method] apptentive.com.android.feedback.engagement.interactions.InteractionType access$getNavigateToLink$cp()' was removed because its name contains a dollar sign.
The method '[Method] apptentive.com.android.feedback.engagement.interactions.InteractionType access$getRatingDialog$cp()' was removed because its name contains a dollar sign.
The method '[Method] apptentive.com.android.feedback.engagement.interactions.InteractionType access$getSurvey$cp()' was removed because its name contains a dollar sign.
The method '[Method] apptentive.com.android.feedback.engagement.interactions.InteractionType access$getTextModal$cp()' was removed because its name contains a dollar sign.
The method '[Method] apptentive.com.android.feedback.engagement.interactions.InteractionType access$getUpgradeMessage$cp()' was removed because its name contains a dollar sign.
The method '[Method] apptentive.com.android.feedback.engagement.interactions.InteractionType copy$default(apptentive.com.android.feedback.engagement.interactions.InteractionType p0, java.lang.String p1, int p2, java.lang.Object p3)' was removed because its name contains a dollar sign.
The constructor 'Constructor: apptentive.com.android.feedback.engagement.interactions.InteractionType.Companion.InteractionType.Companion' was removed because the Java parameter type 'kotlin.jvm.internal.DefaultConstructorMarker' could not be found.
The method '[Method] java.util.List<java.lang.String> names$apptentive_feedback_release()' was removed because its name contains a dollar sign.
The constructor 'Constructor: apptentive.com.android.feedback.lifecycle.ApptentiveLifecycleObserver.ApptentiveLifecycleObserver' was removed because the Java parameter type 'kotlin.jvm.functions.Function0' could not be found.
The constructor 'Constructor: apptentive.com.android.feedback.lifecycle.ApptentiveLifecycleObserver.ApptentiveLifecycleObserver' was removed because the Java parameter type 'kotlin.jvm.functions.Function0' could not be found.
The class '[Class] apptentive.com.android.feedback.lifecycle.ApptentiveLifecycleObserver' was removed because the Java implemented interface type 'androidx.lifecycle.DefaultLifecycleObserver' could not be found.
The method '[Method] apptentive.com.android.feedback.message.DefaultMessageRepository.MessageEntry copy$default(apptentive.com.android.feedback.message.DefaultMessageRepository.MessageEntry p0, java.lang.String p1, double p2, java.lang.String p3, java.lang.String p4, java.lang.String p5, int p6, java.lang.Object p7)' was removed because its name contains a dollar sign.
The method '[Method] apptentive.com.android.feedback.message.MessageCenterInteraction copy$default(apptentive.com.android.feedback.message.MessageCenterInteraction p0, java.lang.String p1, java.lang.String p2, java.lang.String p3, apptentive.com.android.feedback.message.MessageCenterInteraction.Composer p4, apptentive.com.android.feedback.message.MessageCenterInteraction.Greeting p5, apptentive.com.android.feedback.message.MessageCenterInteraction.Status p6, apptentive.com.android.feedback.message.MessageCenterInteraction.AutomatedMessage p7, apptentive.com.android.feedback.message.MessageCenterInteraction.ErrorMessage p8, apptentive.com.android.feedback.message.MessageCenterInteraction.Profile p9, int p10, java.lang.Object p11)' was removed because its name contains a dollar sign.
The method '[Method] apptentive.com.android.feedback.message.MessageCenterInteraction.AutomatedMessage copy$default(apptentive.com.android.feedback.message.MessageCenterInteraction.AutomatedMessage p0, java.lang.String p1, int p2, java.lang.Object p3)' was removed because its name contains a dollar sign.
The method '[Method] apptentive.com.android.feedback.message.MessageCenterInteraction.Composer copy$default(apptentive.com.android.feedback.message.MessageCenterInteraction.Composer p0, java.lang.String p1, java.lang.String p2, java.lang.String p3, java.lang.String p4, java.lang.String p5, java.lang.String p6, java.lang.String p7, java.lang.String p8, java.lang.String p9, java.lang.String p10, int p11, java.lang.Object p12)' was removed because its name contains a dollar sign.
The method '[Method] apptentive.com.android.feedback.message.MessageCenterInteraction.ErrorMessage copy$default(apptentive.com.android.feedback.message.MessageCenterInteraction.ErrorMessage p0, java.lang.String p1, java.lang.String p2, int p3, java.lang.Object p4)' was removed because its name contains a dollar sign.
The method '[Method] apptentive.com.android.feedback.message.MessageCenterInteraction.Greeting copy$default(apptentive.com.android.feedback.message.MessageCenterInteraction.Greeting p0, java.lang.String p1, java.lang.String p2, java.lang.String p3, int p4, java.lang.Object p5)' was removed because its name contains a dollar sign.
The method '[Method] apptentive.com.android.feedback.message.MessageCenterInteraction.Profile copy$default(apptentive.com.android.feedback.message.MessageCenterInteraction.Profile p0, java.lang.Boolean p1, java.lang.Boolean p2, apptentive.com.android.feedback.message.MessageCenterInteraction.Profile.Initial p3, apptentive.com.android.feedback.message.MessageCenterInteraction.Profile.Edit p4, int p5, java.lang.Object p6)' was removed because its name contains a dollar sign.
The method '[Method] apptentive.com.android.feedback.message.MessageCenterInteraction.Profile.Edit copy$default(apptentive.com.android.feedback.message.MessageCenterInteraction.Profile.Edit p0, java.lang.String p1, java.lang.String p2, java.lang.String p3, java.lang.String p4, java.lang.String p5, java.lang.String p6, int p7, java.lang.Object p8)' was removed because its name contains a dollar sign.
The method '[Method] apptentive.com.android.feedback.message.MessageCenterInteraction.Profile.Initial copy$default(apptentive.com.android.feedback.message.MessageCenterInteraction.Profile.Initial p0, java.lang.String p1, java.lang.String p2, java.lang.String p3, java.lang.String p4, java.lang.String p5, java.lang.String p6, int p7, java.lang.Object p8)' was removed because its name contains a dollar sign.
The method '[Method] apptentive.com.android.feedback.message.MessageCenterInteraction.Status copy$default(apptentive.com.android.feedback.message.MessageCenterInteraction.Status p0, java.lang.String p1, int p2, java.lang.Object p3)' was removed because its name contains a dollar sign.
The method '[Method] void access$fetchMoreIfNeeded(apptentive.com.android.feedback.message.MessageManager $this, boolean hasMore, boolean receivedNonEmptyMessage)' was removed because its name contains a dollar sign.
The method '[Method] apptentive.com.android.feedback.message.MessageRepository access$getMessageRepository$p(apptentive.com.android.feedback.message.MessageManager $this)' was removed because its name contains a dollar sign.
The method '[Method] apptentive.com.android.core.BehaviorSubject access$getMessagesSubject$p(apptentive.com.android.feedback.message.MessageManager $this)' was removed because its name contains a dollar sign.
The method '[Method] apptentive.com.android.concurrent.Executor access$getSerialExecutor$p(apptentive.com.android.feedback.message.MessageManager $this)' was removed because its name contains a dollar sign.
The method '[Method] boolean access$mergeMessages(apptentive.com.android.feedback.message.MessageManager $this, java.util.List newMessages, java.lang.String endsWith)' was removed because its name contains a dollar sign.
The method '[Method] void access$setFetchingInProgress$p(apptentive.com.android.feedback.message.MessageManager $this, boolean <set-?>)' was removed because its name contains a dollar sign.
The method '[Method] void addUnreadMessageListener(kotlin.jvm.functions.Function0<kotlin.Unit> callback)' was removed because the Java parameter type 'kotlin.jvm.functions.Function0' could not be found.
The method '[Method] void getPollingScheduler$annotations()' was removed because its name contains a dollar sign.
The method '[Method] void sendAttachment$default(apptentive.com.android.feedback.message.MessageManager p0, java.lang.String p1, java.lang.Boolean p2, int p3, java.lang.Object p4)' was removed because its name contains a dollar sign.
The method '[Method] void sendMessage$default(apptentive.com.android.feedback.message.MessageManager p0, java.lang.String p1, java.util.List p2, java.lang.Boolean p3, int p4, java.lang.Object p5)' was removed because its name contains a dollar sign.
The method '[Method] kotlin.jvm.functions.Function0 access$getPollingTask$p(apptentive.com.android.feedback.message.MessagePollingScheduler $this)' was removed because its name contains a dollar sign.
The method '[Method] void startPolling(double delay, boolean resetInterval, kotlin.jvm.functions.Function0<kotlin.Unit> task)' was removed because the Java parameter type 'kotlin.jvm.functions.Function0' could not be found.
The method '[Method] void startPolling(double delay, boolean resetInterval, kotlin.jvm.functions.Function0<kotlin.Unit> task)' was removed because the Java parameter type 'kotlin.jvm.functions.Function0' could not be found.
The method '[Method] void startPolling$default(apptentive.com.android.feedback.message.PollingScheduler p0, double p1, boolean p2, kotlin.jvm.functions.Function0 p3, int p4, java.lang.Object p5)' was removed because its name contains a dollar sign.
The method '[Method] apptentive.com.android.feedback.model.AppRelease copy$default(apptentive.com.android.feedback.model.AppRelease p0, java.lang.String p1, java.lang.String p2, long p3, java.lang.String p4, java.lang.String p5, java.lang.String p6, boolean p7, boolean p8, boolean p9, java.lang.String p10, java.lang.String p11, int p12, java.lang.Object p13)' was removed because its name contains a dollar sign.
The method '[Method] apptentive.com.android.feedback.model.Configuration copy$default(apptentive.com.android.feedback.model.Configuration p0, double p1, apptentive.com.android.feedback.model.Configuration.MessageCenter p2, int p3, java.lang.Object p4)' was removed because its name contains a dollar sign.
The method '[Method] apptentive.com.android.feedback.model.Configuration.MessageCenter copy$default(apptentive.com.android.feedback.model.Configuration.MessageCenter p0, double p1, double p2, int p3, java.lang.Object p4)' was removed because its name contains a dollar sign.
The method '[Method] apptentive.com.android.feedback.model.Conversation copy$default(apptentive.com.android.feedback.model.Conversation p0, java.lang.String p1, java.lang.String p2, java.lang.String p3, apptentive.com.android.feedback.model.Device p4, apptentive.com.android.feedback.model.Person p5, apptentive.com.android.feedback.model.SDK p6, apptentive.com.android.feedback.model.AppRelease p7, apptentive.com.android.feedback.model.Configuration p8, apptentive.com.android.feedback.model.RandomSampling p9, apptentive.com.android.feedback.model.EngagementData p10, apptentive.com.android.feedback.model.EngagementManifest p11, int p12, java.lang.Object p13)' was removed because its name contains a dollar sign.
The method '[Method] void logConversation$apptentive_feedback_release()' was removed because its name contains a dollar sign.
The method '[Method] apptentive.com.android.feedback.model.CustomData copy$default(apptentive.com.android.feedback.model.CustomData p0, java.util.Map p1, int p2, java.lang.Object p3)' was removed because its name contains a dollar sign.
The method '[Method] apptentive.com.android.feedback.model.Device copy$default(apptentive.com.android.feedback.model.Device p0, java.lang.String p1, java.lang.String p2, java.lang.String p3, int p4, java.lang.String p5, java.lang.String p6, java.lang.String p7, java.lang.String p8, java.lang.String p9, java.lang.String p10, java.lang.String p11, java.lang.String p12, java.lang.String p13, java.lang.String p14, java.lang.String p15, java.lang.String p16, java.lang.String p17, java.lang.String p18, java.lang.String p19, java.lang.String p20, java.lang.String p21, java.lang.String p22, int p23, apptentive.com.android.feedback.model.CustomData p24, apptentive.com.android.feedback.model.IntegrationConfig p25, int p26, java.lang.Object p27)' was removed because its name contains a dollar sign.
The method '[Method] apptentive.com.android.feedback.model.payloads.DevicePayload toDevicePayload$apptentive_feedback_release()' was removed because its name contains a dollar sign.
The method '[Method] apptentive.com.android.feedback.model.EngagementData copy$default(apptentive.com.android.feedback.model.EngagementData p0, apptentive.com.android.feedback.model.EngagementRecords p1, apptentive.com.android.feedback.model.EngagementRecords p2, java.util.Map p3, apptentive.com.android.feedback.model.VersionHistory p4, int p5, java.lang.Object p6)' was removed because its name contains a dollar sign.
The method '[Method] apptentive.com.android.feedback.model.EngagementManifest copy$default(apptentive.com.android.feedback.model.EngagementManifest p0, java.util.List p1, java.util.Map p2, double p3, int p4, java.lang.Object p5)' was removed because its name contains a dollar sign.
The method '[Method] apptentive.com.android.feedback.model.EngagementRecord copy$default(apptentive.com.android.feedback.model.EngagementRecord p0, long p1, java.util.Map p2, java.util.Map p3, apptentive.com.android.feedback.engagement.criteria.DateTime p4, int p5, java.lang.Object p6)' was removed because its name contains a dollar sign.
The method '[Method] apptentive.com.android.feedback.model.EngagementRecords copy$default(apptentive.com.android.feedback.model.EngagementRecords p0, java.util.Map p1, int p2, java.lang.Object p3)' was removed because its name contains a dollar sign.
The method '[Method] apptentive.com.android.feedback.model.EventNotification copy$default(apptentive.com.android.feedback.model.EventNotification p0, java.lang.String p1, java.lang.String p2, java.lang.String p3, java.lang.String p4, int p5, java.lang.Object p6)' was removed because its name contains a dollar sign.
The method '[Method] apptentive.com.android.feedback.model.IntegrationConfig copy$default(apptentive.com.android.feedback.model.IntegrationConfig p0, apptentive.com.android.feedback.model.IntegrationConfigItem p1, apptentive.com.android.feedback.model.IntegrationConfigItem p2, apptentive.com.android.feedback.model.IntegrationConfigItem p3, apptentive.com.android.feedback.model.IntegrationConfigItem p4, int p5, java.lang.Object p6)' was removed because its name contains a dollar sign.
The constructor 'Constructor: apptentive.com.android.feedback.model.IntegrationConfig.Companion.IntegrationConfig.Companion' was removed because the Java parameter type 'kotlin.jvm.internal.DefaultConstructorMarker' could not be found.
The method '[Method] apptentive.com.android.feedback.model.IntegrationConfigItem copy$default(apptentive.com.android.feedback.model.IntegrationConfigItem p0, java.util.Map p1, int p2, java.lang.Object p3)' was removed because its name contains a dollar sign.
The method '[Method] apptentive.com.android.feedback.model.InvocationData copy$default(apptentive.com.android.feedback.model.InvocationData p0, java.lang.String p1, java.util.Map p2, int p3, java.lang.Object p4)' was removed because its name contains a dollar sign.
The method '[Method] apptentive.com.android.feedback.model.Message copy$default(apptentive.com.android.feedback.model.Message p0, java.lang.String p1, java.lang.String p2, java.lang.String p3, apptentive.com.android.feedback.model.Sender p4, java.lang.String p5, java.util.List p6, apptentive.com.android.feedback.model.Message.Status p7, boolean p8, java.lang.Boolean p9, java.lang.Boolean p10, java.lang.Boolean p11, double p12, java.lang.String p13, java.util.Map p14, int p15, java.lang.Object p16)' was removed because its name contains a dollar sign.
The method '[Method] apptentive.com.android.feedback.model.Message.Attachment copy$default(apptentive.com.android.feedback.model.Message.Attachment p0, java.lang.String p1, java.lang.String p2, long p3, java.lang.String p4, java.lang.String p5, java.lang.String p6, double p7, java.lang.String p8, boolean p9, int p10, java.lang.Object p11)' was removed because its name contains a dollar sign.
The constructor 'Constructor: apptentive.com.android.feedback.model.Message.Companion.Message.Companion' was removed because the Java parameter type 'kotlin.jvm.internal.DefaultConstructorMarker' could not be found.
The constructor 'Constructor: apptentive.com.android.feedback.model.Message.Status.Companion.Message.Status.Companion' was removed because the Java parameter type 'kotlin.jvm.internal.DefaultConstructorMarker' could not be found.
The method '[Method] apptentive.com.android.feedback.model.MessageCenterModel copy$default(apptentive.com.android.feedback.model.MessageCenterModel p0, java.lang.String p1, java.lang.String p2, java.lang.String p3, apptentive.com.android.feedback.message.MessageCenterInteraction.Composer p4, apptentive.com.android.feedback.message.MessageCenterInteraction.Greeting p5, apptentive.com.android.feedback.message.MessageCenterInteraction.Status p6, apptentive.com.android.feedback.message.MessageCenterInteraction.AutomatedMessage p7, apptentive.com.android.feedback.message.MessageCenterInteraction.ErrorMessage p8, apptentive.com.android.feedback.message.MessageCenterInteraction.Profile p9, int p10, java.lang.Object p11)' was removed because its name contains a dollar sign.
The method '[Method] apptentive.com.android.feedback.model.MessageCenterNotification copy$default(apptentive.com.android.feedback.model.MessageCenterNotification p0, boolean p1, int p2, java.lang.String p3, java.lang.String p4, int p5, java.lang.Object p6)' was removed because its name contains a dollar sign.
The method '[Method] apptentive.com.android.feedback.model.MessageList copy$default(apptentive.com.android.feedback.model.MessageList p0, java.util.List p1, java.lang.String p2, java.lang.Boolean p3, int p4, java.lang.Object p5)' was removed because its name contains a dollar sign.
The method '[Method] apptentive.com.android.feedback.model.Person copy$default(apptentive.com.android.feedback.model.Person p0, java.lang.String p1, java.lang.String p2, java.lang.String p3, java.lang.String p4, apptentive.com.android.feedback.model.CustomData p5, int p6, java.lang.Object p7)' was removed because its name contains a dollar sign.
The method '[Method] apptentive.com.android.feedback.model.payloads.PersonPayload toPersonPayload$apptentive_feedback_release()' was removed because its name contains a dollar sign.
The method '[Method] apptentive.com.android.feedback.model.RandomSampling copy$default(apptentive.com.android.feedback.model.RandomSampling p0, java.util.Map p1, int p2, java.lang.Object p3)' was removed because its name contains a dollar sign.
The method '[Method] double getOrPutRandomValue$default(apptentive.com.android.feedback.model.RandomSampling p0, java.lang.String p1, boolean p2, int p3, java.lang.Object p4)' was removed because its name contains a dollar sign.
The method '[Method] apptentive.com.android.feedback.model.SDK copy$default(apptentive.com.android.feedback.model.SDK p0, java.lang.String p1, java.lang.String p2, java.lang.String p3, java.lang.String p4, java.lang.String p5, java.lang.String p6, java.lang.String p7, int p8, java.lang.Object p9)' was removed because its name contains a dollar sign.
The method '[Method] apptentive.com.android.feedback.model.Sender copy$default(apptentive.com.android.feedback.model.Sender p0, java.lang.String p1, java.lang.String p2, java.lang.String p3, int p4, java.lang.Object p5)' was removed because its name contains a dollar sign.
The method '[Method] java.util.List<apptentive.com.android.feedback.model.VersionHistoryItem> component1$apptentive_feedback_release()' was removed because its name contains a dollar sign.
The method '[Method] apptentive.com.android.feedback.model.VersionHistory copy$default(apptentive.com.android.feedback.model.VersionHistory p0, java.util.List p1, apptentive.com.android.core.TimeSource p2, int p3, java.lang.Object p4)' was removed because its name contains a dollar sign.
The method '[Method] java.util.List<apptentive.com.android.feedback.model.VersionHistoryItem> getItems$apptentive_feedback_release()' was removed because its name contains a dollar sign.
The method '[Method] apptentive.com.android.feedback.model.VersionHistoryItem copy$default(apptentive.com.android.feedback.model.VersionHistoryItem p0, double p1, long p2, java.lang.String p3, int p4, java.lang.Object p5)' was removed because its name contains a dollar sign.
The constructor 'Constructor: apptentive.com.android.feedback.model.payloads.AppReleaseAndSDKPayload.AppReleaseAndSDKPayload' was removed because the Java parameter type 'kotlin.jvm.internal.DefaultConstructorMarker' could not be found.
The method '[Method] apptentive.com.android.network.HttpMethod getHttpMethod()' was removed because the Java return type 'apptentive.com.android.network.HttpMethod' could not be found.
The constructor 'Constructor: apptentive.com.android.feedback.model.payloads.AppReleaseAndSDKPayload.Companion.AppReleaseAndSDKPayload.Companion' was removed because the Java parameter type 'kotlin.jvm.internal.DefaultConstructorMarker' could not be found.
The constructor 'Constructor: apptentive.com.android.feedback.model.payloads.DevicePayload.DevicePayload' was removed because the Java parameter type 'kotlin.jvm.internal.DefaultConstructorMarker' could not be found.
The method '[Method] apptentive.com.android.network.HttpMethod getHttpMethod()' was removed because the Java return type 'apptentive.com.android.network.HttpMethod' could not be found.
The method '[Method] apptentive.com.android.network.HttpMethod getHttpMethod()' was removed because the Java return type 'apptentive.com.android.network.HttpMethod' could not be found.
The method '[Method] apptentive.com.android.feedback.model.payloads.MessagePayload copy$default(apptentive.com.android.feedback.model.payloads.MessagePayload p0, java.lang.String p1, java.lang.String p2, java.util.List p3, java.lang.String p4, java.lang.String p5, apptentive.com.android.feedback.model.Sender p6, java.lang.Boolean p7, java.lang.Boolean p8, java.util.Map p9, int p10, java.lang.Object p11)' was removed because its name contains a dollar sign.
The method '[Method] apptentive.com.android.network.HttpMethod getHttpMethod()' was removed because the Java return type 'apptentive.com.android.network.HttpMethod' could not be found.
The constructor 'Constructor: apptentive.com.android.feedback.model.payloads.MessagePayload.Companion.MessagePayload.Companion' was removed because the Java parameter type 'kotlin.jvm.internal.DefaultConstructorMarker' could not be found.
The method '[Method] apptentive.com.android.network.HttpMethod getHttpMethod()' was removed because the Java return type 'apptentive.com.android.network.HttpMethod' could not be found.
The method '[Method] apptentive.com.android.feedback.payload.PayloadData toPayloadData$apptentive_feedback_release()' was removed because its name contains a dollar sign.
The constructor 'Constructor: apptentive.com.android.feedback.model.payloads.PersonPayload.PersonPayload' was removed because the Java parameter type 'kotlin.jvm.internal.DefaultConstructorMarker' could not be found.
The method '[Method] apptentive.com.android.network.HttpMethod getHttpMethod()' was removed because the Java return type 'apptentive.com.android.network.HttpMethod' could not be found.
The class '[Class] apptentive.com.android.feedback.notifications.ApptentiveNotificationActivity' was removed because the Java base type 'androidx.appcompat.app.AppCompatActivity' could not be found.
The constructor 'Constructor: apptentive.com.android.feedback.notifications.NotificationUtils.PushAction.Companion.NotificationUtils.PushAction.Companion' was removed because the Java parameter type 'kotlin.jvm.internal.DefaultConstructorMarker' could not be found.
The field 'Java.Interop.Tools.JavaTypeSystem.Models.JavaFieldModel' was removed because its name contains a dollar sign.
The method '[Method] apptentive.com.android.feedback.payload.AttachmentData copy$default(apptentive.com.android.feedback.payload.AttachmentData p0, byte[] p1, java.lang.String p2, int p3, java.lang.Object p4)' was removed because its name contains a dollar sign.
The method '[Method] apptentive.com.android.feedback.payload.Column copy$default(apptentive.com.android.feedback.payload.Column p0, int p1, java.lang.String p2, int p3, java.lang.Object p4)' was removed because its name contains a dollar sign.
The method '[Method] apptentive.com.android.feedback.payload.MediaType access$getApplicationJson$cp()' was removed because its name contains a dollar sign.
The method '[Method] apptentive.com.android.feedback.payload.MediaType access$getApplicationOctetStream$cp()' was removed because its name contains a dollar sign.
The method '[Method] apptentive.com.android.feedback.payload.MediaType copy$default(apptentive.com.android.feedback.payload.MediaType p0, java.lang.String p1, java.lang.String p2, java.lang.String p3, int p4, java.lang.Object p5)' was removed because its name contains a dollar sign.
The constructor 'Constructor: apptentive.com.android.feedback.payload.MediaType.Companion.MediaType.Companion' was removed because the Java parameter type 'kotlin.jvm.internal.DefaultConstructorMarker' could not be found.
The constructor 'Constructor: apptentive.com.android.feedback.payload.PayloadData.PayloadData' was removed because the Java parameter type 'apptentive.com.android.network.HttpMethod' could not be found.
The method '[Method] apptentive.com.android.network.HttpMethod component4()' was removed because the Java return type 'apptentive.com.android.network.HttpMethod' could not be found.
The method '[Method] apptentive.com.android.feedback.payload.PayloadData copy$default(apptentive.com.android.feedback.payload.PayloadData p0, java.lang.String p1, apptentive.com.android.feedback.payload.PayloadType p2, java.lang.String p3, apptentive.com.android.network.HttpMethod p4, apptentive.com.android.feedback.payload.MediaType p5, byte[] p6, apptentive.com.android.feedback.payload.AttachmentData p7, int p8, java.lang.Object p9)' was removed because its name contains a dollar sign.
The method '[Method] apptentive.com.android.feedback.payload.PayloadData copy(java.lang.String nonce, apptentive.com.android.feedback.payload.PayloadType type, java.lang.String path, apptentive.com.android.network.HttpMethod method, apptentive.com.android.feedback.payload.MediaType mediaType, byte[] data, apptentive.com.android.feedback.payload.AttachmentData attachmentData)' was removed because the Java parameter type 'apptentive.com.android.network.HttpMethod' could not be found.
The method '[Method] apptentive.com.android.network.HttpMethod getMethod()' was removed because the Java return type 'apptentive.com.android.network.HttpMethod' could not be found.
The constructor 'Constructor: apptentive.com.android.feedback.payload.PayloadSendException.PayloadSendException' was removed because the Java parameter type 'kotlin.jvm.internal.DefaultConstructorMarker' could not be found.
The constructor 'Constructor: apptentive.com.android.feedback.payload.PayloadSendException.Companion.PayloadSendException.Companion' was removed because the Java parameter type 'kotlin.jvm.internal.DefaultConstructorMarker' could not be found.
The method '[Method] java.lang.String access$createMessage(apptentive.com.android.feedback.payload.PayloadSendException.Companion $this, apptentive.com.android.feedback.payload.PayloadData payload, java.lang.String detailMessage)' was removed because its name contains a dollar sign.
The method '[Method] void sendPayload(apptentive.com.android.feedback.payload.PayloadData payload, kotlin.jvm.functions.Function1<? super apptentive.com.android.util.Result<apptentive.com.android.feedback.payload.PayloadData>, kotlin.Unit> callback)' was removed because the Java parameter type 'kotlin.jvm.functions.Function1' could not be found.
The method '[Method] void deleteAllCachedPayloads$apptentive_feedback_release()' was removed because its name contains a dollar sign.
The method '[Method] boolean deleteDatabase$apptentive_feedback_release(android.content.Context context)' was removed because its name contains a dollar sign.
The method '[Method] java.util.List<apptentive.com.android.feedback.payload.PayloadData> readPayloads$apptentive_feedback_release()' was removed because its name contains a dollar sign.
The method '[Method] void updatePayload$apptentive_feedback_release(java.lang.String nonce, java.lang.String payloadType)' was removed because its name contains a dollar sign.
The constructor 'Constructor: apptentive.com.android.feedback.payload.PayloadSQLiteHelper.Companion.PayloadSQLiteHelper.Companion' was removed because the Java parameter type 'kotlin.jvm.internal.DefaultConstructorMarker' could not be found.
The method '[Method] int access$delete(android.database.sqlite.SQLiteDatabase $receiver, java.lang.String tableName, apptentive.com.android.feedback.payload.Column column, java.lang.String value)' was removed because its name contains a dollar sign.
The method '[Method] byte[] access$getBlob(android.database.Cursor $receiver, apptentive.com.android.feedback.payload.Column column)' was removed because its name contains a dollar sign.
The method '[Method] java.lang.String access$getString(android.database.Cursor $receiver, apptentive.com.android.feedback.payload.Column column)' was removed because its name contains a dollar sign.
The method '[Method] void access$put(android.content.ContentValues $receiver, apptentive.com.android.feedback.payload.Column column, java.lang.String value)' was removed because its name contains a dollar sign.
The method '[Method] void access$put(android.content.ContentValues $receiver, apptentive.com.android.feedback.payload.Column column, byte[] value)' was removed because its name contains a dollar sign.
The method '[Method] android.database.Cursor access$select(android.database.sqlite.SQLiteDatabase $receiver, java.lang.String tableName, apptentive.com.android.feedback.payload.Column orderBy, java.lang.Integer limit)' was removed because its name contains a dollar sign.
The constructor 'Constructor: apptentive.com.android.feedback.payload.PayloadType.Companion.PayloadType.Companion' was removed because the Java parameter type 'kotlin.jvm.internal.DefaultConstructorMarker' could not be found.
The constructor 'Constructor: apptentive.com.android.feedback.payload.PersistentPayloadQueue.Companion.PersistentPayloadQueue.Companion' was removed because the Java parameter type 'kotlin.jvm.internal.DefaultConstructorMarker' could not be found.
The constructor 'Constructor: apptentive.com.android.feedback.payload.SerialPayloadSender.SerialPayloadSender' was removed because the Java parameter type 'kotlin.jvm.functions.Function1' could not be found.
The method '[Method] void access$handleFailedPayload(apptentive.com.android.feedback.payload.SerialPayloadSender $this, apptentive.com.android.feedback.payload.PayloadData payload, java.lang.Throwable error)' was removed because its name contains a dollar sign.
The method '[Method] void access$handleSentPayload(apptentive.com.android.feedback.payload.SerialPayloadSender $this, apptentive.com.android.feedback.payload.PayloadData payload)' was removed because its name contains a dollar sign.
The method '[Method] void access$setBusySending$p(apptentive.com.android.feedback.payload.SerialPayloadSender $this, boolean <set-?>)' was removed because its name contains a dollar sign.
The method '[Method] java.io.File getInternalDir$default(apptentive.com.android.feedback.platform.FileSystem p0, java.lang.String p1, boolean p2, int p3, java.lang.Object p4)' was removed because its name contains a dollar sign.
The method '[Method] apptentive.com.android.feedback.utils.ApplicationInfo copy$default(apptentive.com.android.feedback.utils.ApplicationInfo p0, java.lang.String p1, java.lang.String p2, long p3, int p4, int p5, boolean p6, int p7, java.lang.Object p8)' was removed because its name contains a dollar sign.
The method '[Method] java.lang.String convertToDate$default(double p0, java.lang.String p1, int p2, java.lang.Object p3)' was removed because its name contains a dollar sign.
The method '[Method] java.io.File getInternalDir$default(apptentive.com.android.feedback.utils.FileUtil p0, java.lang.String p1, boolean p2, int p3, java.lang.Object p4)' was removed because its name contains a dollar sign.
The method '[Method] boolean getShouldSanitizeLogMessages$apptentive_feedback_release()' was removed because its name contains a dollar sign.
The method '[Method] java.lang.String logWithSanitizeCheck$apptentive_feedback_release(java.lang.Class<java.lang.Object> cls, org.json.JSONObject jsonObject)' was removed because its name contains a dollar sign.
The method '[Method] void setShouldSanitizeLogMessages$apptentive_feedback_release(boolean <set-?>)' was removed because its name contains a dollar sign.
The method '[Method] java.lang.String toSnakeCase$apptentive_feedback_release(java.lang.String $this$toSnakeCase)' was removed because its name contains a dollar sign.
The method '[Method] java.lang.Long getRatingThrottleLength$apptentive_feedback_release()' was removed because its name contains a dollar sign.
The method '[Method] android.content.SharedPreferences getThrottleSharedPrefs$apptentive_feedback_release()' was removed because its name contains a dollar sign.
The method '[Method] void setRatingThrottleLength$apptentive_feedback_release(java.lang.Long <set-?>)' was removed because its name contains a dollar sign.
The method '[Method] void setThrottleSharedPrefs$apptentive_feedback_release(android.content.SharedPreferences <set-?>)' was removed because its name contains a dollar sign.

