==== Cycle 1 ====

The constructor 'Constructor: apptentive.com.android.concurrent.ConcurrentExecutorQueue.ConcurrentExecutorQueue' was removed because the Java parameter type 'kotlin.jvm.internal.DefaultConstructorMarker' could not be found.
The method '[Method] void execute(double delay, kotlin.jvm.functions.Function0<kotlin.Unit> task)' was removed because the Java parameter type 'kotlin.jvm.functions.Function0' could not be found.
The constructor 'Constructor: apptentive.com.android.concurrent.ConcurrentExecutorQueue.Companion.ConcurrentExecutorQueue.Companion' was removed because the Java parameter type 'kotlin.jvm.internal.DefaultConstructorMarker' could not be found.
The method '[Method] void execute(kotlin.jvm.functions.Function0<kotlin.Unit> task)' was removed because the Java parameter type 'kotlin.jvm.functions.Function0' could not be found.
The method '[Method] apptentive.com.android.concurrent.ExecutorQueue access$getMainQueue$cp()' was removed because its name contains a dollar sign.
The method '[Method] void execute(double delay, kotlin.jvm.functions.Function0<kotlin.Unit> task)' was removed because the Java parameter type 'kotlin.jvm.functions.Function0' could not be found.
The method '[Method] void execute(kotlin.jvm.functions.Function0<kotlin.Unit> task)' was removed because the Java parameter type 'kotlin.jvm.functions.Function0' could not be found.
The constructor 'Constructor: apptentive.com.android.concurrent.ExecutorQueue.Companion.ExecutorQueue.Companion' was removed because the Java parameter type 'kotlin.jvm.internal.DefaultConstructorMarker' could not be found.
The method '[Method] apptentive.com.android.core.ExecutorFactory access$getExecutorFactory(apptentive.com.android.concurrent.ExecutorQueue.Companion $this)' was removed because its name contains a dollar sign.
The method '[Method] apptentive.com.android.concurrent.ExecutorQueue createConcurrentQueue$default(apptentive.com.android.concurrent.ExecutorQueue.Companion p0, java.lang.String p1, java.lang.Integer p2, int p3, java.lang.Object p4)' was removed because its name contains a dollar sign.
The method '[Method] apptentive.com.android.concurrent.Executors copy$default(apptentive.com.android.concurrent.Executors p0, apptentive.com.android.concurrent.Executor p1, apptentive.com.android.concurrent.Executor p2, int p3, java.lang.Object p4)' was removed because its name contains a dollar sign.
The method '[Method] void execute(double delay, kotlin.jvm.functions.Function0<kotlin.Unit> task)' was removed because the Java parameter type 'kotlin.jvm.functions.Function0' could not be found.
The method '[Method] void getVersionCode$annotations()' was removed because its name contains a dollar sign.
The constructor 'Constructor: apptentive.com.android.core.AndroidLogger.Companion.AndroidLogger.Companion' was removed because the Java parameter type 'kotlin.jvm.internal.DefaultConstructorMarker' could not be found.
The field 'Java.Interop.Tools.JavaTypeSystem.Models.JavaFieldModel' was removed because its name contains a dollar sign.
The method '[Method] apptentive.com.android.concurrent.ExecutorQueue createConcurrentQueue$default(apptentive.com.android.core.ExecutorFactory p0, java.lang.String p1, java.lang.Integer p2, int p3, java.lang.Object p4)' was removed because its name contains a dollar sign.
The method '[Method] apptentive.com.android.core.Subscription observe(kotlin.jvm.functions.Function1<? super T, kotlin.Unit> observer)' was removed because the Java parameter type 'kotlin.jvm.functions.Function1' could not be found.
The method '[Method] void removeObserver(kotlin.jvm.functions.Function1<? super T, kotlin.Unit> observer)' was removed because the Java parameter type 'kotlin.jvm.functions.Function1' could not be found.
The method '[Method] void Callback$annotations()' was removed because its name contains a dollar sign.
The method '[Method] java.lang.String format$default(double p0, int p1, int p2, java.lang.Object p3)' was removed because its name contains a dollar sign.
The method '[Method] void TimeInterval$annotations()' was removed because its name contains a dollar sign.
The method '[Method] void assertEqual$default(apptentive.com.android.debug.Assert p0, java.lang.Object p1, java.lang.Object p2, java.lang.String p3, int p4, java.lang.Object p5)' was removed because its name contains a dollar sign.
The method '[Method] void assertFalse$default(apptentive.com.android.debug.Assert p0, boolean p1, java.lang.String p2, int p3, java.lang.Object p4)' was removed because its name contains a dollar sign.
The method '[Method] void assertTrue$default(apptentive.com.android.debug.Assert p0, boolean p1, java.lang.String p2, int p3, java.lang.Object p4)' was removed because its name contains a dollar sign.
The constructor 'Constructor: apptentive.com.android.encryption.AESEncryption23.Companion.AESEncryption23.Companion' was removed because the Java parameter type 'kotlin.jvm.internal.DefaultConstructorMarker' could not be found.
The constructor 'Constructor: apptentive.com.android.encryption.EncryptionFactory.Companion.EncryptionFactory.Companion' was removed because the Java parameter type 'kotlin.jvm.internal.DefaultConstructorMarker' could not be found.
The method '[Method] apptentive.com.android.encryption.Encryption getEncryption$default(apptentive.com.android.encryption.EncryptionFactory.Companion p0, boolean p1, apptentive.com.android.encryption.EncryptionStatus p2, apptentive.com.android.encryption.EncryptionKey p3, int p4, java.lang.Object p5)' was removed because its name contains a dollar sign.
The method '[Method] apptentive.com.android.encryption.EncryptionKey access$getNO_OP$cp()' was removed because its name contains a dollar sign.
The method '[Method] apptentive.com.android.encryption.EncryptionKey copy$default(apptentive.com.android.encryption.EncryptionKey p0, javax.crypto.SecretKey p1, java.lang.String p2, int p3, java.lang.Object p4)' was removed because its name contains a dollar sign.
The constructor 'Constructor: apptentive.com.android.encryption.EncryptionKey.Companion.EncryptionKey.Companion' was removed because the Java parameter type 'kotlin.jvm.internal.DefaultConstructorMarker' could not be found.
The constructor 'Constructor: apptentive.com.android.encryption.EncryptionStatus.EncryptionStatus' was removed because the Java parameter type 'kotlin.jvm.internal.DefaultConstructorMarker' could not be found.
The constructor 'Constructor: apptentive.com.android.encryption.KeyResolver23.Companion.KeyResolver23.Companion' was removed because the Java parameter type 'kotlin.jvm.internal.DefaultConstructorMarker' could not be found.
The constructor 'Constructor: apptentive.com.android.encryption.KeyResolverFactory.Companion.KeyResolverFactory.Companion' was removed because the Java parameter type 'kotlin.jvm.internal.DefaultConstructorMarker' could not be found.
The method '[Method] apptentive.com.android.network.CacheControl copy$default(apptentive.com.android.network.CacheControl p0, int p1, int p2, java.lang.Object p3)' was removed because its name contains a dollar sign.
The constructor 'Constructor: apptentive.com.android.network.CacheControl.Companion.CacheControl.Companion' was removed because the Java parameter type 'kotlin.jvm.internal.DefaultConstructorMarker' could not be found.
The method '[Method] apptentive.com.android.network.HttpRequest createHttpJsonRequest$default(apptentive.com.android.network.HttpMethod method, java.lang.String url, java.lang.Object p2, java.lang.String tag, java.lang.Object requestObject, int p5, java.lang.Object userData)' was removed because its name contains a dollar sign.
The method '[Method] void access$notifyOnRetry(apptentive.com.android.network.DefaultHttpClient $this, apptentive.com.android.network.HttpRequest request)' was removed because its name contains a dollar sign.
The method '[Method] void access$notifyOnStart(apptentive.com.android.network.DefaultHttpClient $this, apptentive.com.android.network.HttpRequest request)' was removed because its name contains a dollar sign.
The method '[Method] void access$sendSync(apptentive.com.android.network.DefaultHttpClient $this, apptentive.com.android.network.HttpRequest request, kotlin.jvm.functions.Function1 callback)' was removed because its name contains a dollar sign.
The method '[Method] void send<T>(apptentive.com.android.network.HttpRequest<T> request, kotlin.jvm.functions.Function1<? super apptentive.com.android.util.Result<apptentive.com.android.network.HttpResponse<T>>, kotlin.Unit> callback)' was removed because the Java parameter type 'kotlin.jvm.functions.Function1' could not be found.
The constructor 'Constructor: apptentive.com.android.network.DefaultHttpRequestRetryPolicy.Companion.DefaultHttpRequestRetryPolicy.Companion' was removed because the Java parameter type 'kotlin.jvm.internal.DefaultConstructorMarker' could not be found.
The method '[Method] void send<T>(apptentive.com.android.network.HttpRequest<T> request, kotlin.jvm.functions.Function1<? super apptentive.com.android.util.Result<apptentive.com.android.network.HttpResponse<T>>, kotlin.Unit> callback)' was removed because the Java parameter type 'kotlin.jvm.functions.Function1' could not be found.
The method '[Method] apptentive.com.android.network.HttpHeader copy$default(apptentive.com.android.network.HttpHeader p0, java.lang.String p1, java.lang.String p2, int p3, java.lang.Object p4)' was removed because its name contains a dollar sign.
The class '[Class] apptentive.com.android.network.HttpHeaders' was removed because the Java implemented interface type 'kotlin.jvm.internal.markers.KMappedMarker' could not be found.
The method '[Method] apptentive.com.android.network.HttpNetworkResponse copy$default(apptentive.com.android.network.HttpNetworkResponse p0, int p1, java.lang.String p2, byte[] p3, apptentive.com.android.network.HttpHeaders p4, double p5, int p6, java.lang.Object p7)' was removed because its name contains a dollar sign.
The constructor 'Constructor: apptentive.com.android.network.HttpRequest.HttpRequest' was removed because the Java parameter type 'kotlin.jvm.internal.DefaultConstructorMarker' could not be found.
The method '[Method] int getNumRetries$apptentive_core_release()' was removed because its name contains a dollar sign.
The method '[Method] T readResponseObject$apptentive_core_release(apptentive.com.android.network.HttpNetworkResponse response)' was removed because its name contains a dollar sign.
The method '[Method] void setNumRetries$apptentive_core_release(int <set-?>)' was removed because its name contains a dollar sign.
The method '[Method] apptentive.com.android.network.HttpRequest.Builder copy$default(apptentive.com.android.network.HttpRequest.Builder p0, java.net.URL p1, int p2, java.lang.Object p3)' was removed because its name contains a dollar sign.
The method '[Method] apptentive.com.android.network.HttpRequest.Builder delete$default(apptentive.com.android.network.HttpRequest.Builder p0, apptentive.com.android.network.HttpRequestBody p1, int p2, java.lang.Object p3)' was removed because its name contains a dollar sign.
The method '[Method] apptentive.com.android.network.HttpRequest.Builder method$default(apptentive.com.android.network.HttpRequest.Builder p0, apptentive.com.android.network.HttpMethod p1, apptentive.com.android.network.HttpRequestBody p2, int p3, java.lang.Object p4)' was removed because its name contains a dollar sign.
The method '[Method] apptentive.com.android.network.HttpRequest.Builder method$default(apptentive.com.android.network.HttpRequest.Builder p0, apptentive.com.android.network.HttpMethod p1, java.lang.Object p2, int p3, java.lang.Object p4)' was removed because its name contains a dollar sign.
The method '[Method] apptentive.com.android.network.HttpRequest.Builder patch$default(apptentive.com.android.network.HttpRequest.Builder p0, apptentive.com.android.network.HttpRequestBody p1, int p2, java.lang.Object p3)' was removed because its name contains a dollar sign.
The method '[Method] apptentive.com.android.network.HttpRequest.Builder post$default(apptentive.com.android.network.HttpRequest.Builder p0, apptentive.com.android.network.HttpRequestBody p1, int p2, java.lang.Object p3)' was removed because its name contains a dollar sign.
The method '[Method] apptentive.com.android.network.HttpRequest.Builder put$default(apptentive.com.android.network.HttpRequest.Builder p0, apptentive.com.android.network.HttpRequestBody p1, int p2, java.lang.Object p3)' was removed because its name contains a dollar sign.
The method '[Method] apptentive.com.android.network.HttpResponse copy$default(apptentive.com.android.network.HttpResponse p0, int p1, java.lang.String p2, java.lang.Object p3, apptentive.com.android.network.HttpHeaders p4, double p5, int p6, java.lang.Object p7)' was removed because its name contains a dollar sign.
The method '[Method] boolean getBoolean$default(apptentive.com.android.platform.AndroidSharedPrefDataStore p0, java.lang.String p1, java.lang.String p2, boolean p3, int p4, java.lang.Object p5)' was removed because its name contains a dollar sign.
The method '[Method] java.lang.String getString$default(apptentive.com.android.platform.AndroidSharedPrefDataStore p0, java.lang.String p1, java.lang.String p2, java.lang.String p3, int p4, java.lang.Object p5)' was removed because its name contains a dollar sign.
The field 'Java.Interop.Tools.JavaTypeSystem.Models.JavaFieldModel' was removed because its name contains a dollar sign.
The method '[Method] java.util.List<T> decodeList<T>(apptentive.com.android.serialization.Decoder obj, kotlin.jvm.functions.Function1<? super apptentive.com.android.serialization.Decoder, ? extends T> callback)' was removed because the Java parameter type 'kotlin.jvm.functions.Function1' could not be found.
The method '[Method] void encodeList<T>(apptentive.com.android.serialization.Encoder obj, java.util.List<? extends T> items, kotlin.jvm.functions.Function2<? super apptentive.com.android.serialization.Encoder, ? super T, kotlin.Unit> callback)' was removed because the Java parameter type 'kotlin.jvm.functions.Function2' could not be found.
The method '[Method] void getLogger$annotations()' was removed because its name contains a dollar sign.
The method '[Method] apptentive.com.android.util.LogTag copy$default(apptentive.com.android.util.LogTag p0, java.lang.String p1, int p2, java.lang.Object p3)' was removed because its name contains a dollar sign.
The method '[Method] boolean optBoolean$default(java.util.Map p0, java.lang.String p1, boolean p2, int p3, java.lang.Object p4)' was removed because its name contains a dollar sign.
The method '[Method] int optInt$default(java.util.Map p0, java.lang.String p1, int p2, int p3, java.lang.Object p4)' was removed because its name contains a dollar sign.
The method '[Method] java.util.List optList$default(java.util.Map p0, java.lang.String p1, java.util.List p2, int p3, java.lang.Object p4)' was removed because its name contains a dollar sign.
The method '[Method] java.util.Map optMap$default(java.util.Map p0, java.lang.String p1, java.util.Map p2, int p3, java.lang.Object p4)' was removed because its name contains a dollar sign.
The method '[Method] java.lang.String optString$default(java.util.Map p0, java.lang.String p1, java.lang.String p2, int p3, java.lang.Object p4)' was removed because its name contains a dollar sign.
The method '[Method] T remove<T>(java.util.List<T> obj, kotlin.jvm.functions.Function1<? super T, java.lang.Boolean> predicate)' was removed because the Java parameter type 'kotlin.jvm.functions.Function1' could not be found.
The method '[Method] apptentive.com.android.util.Resource copy$default(apptentive.com.android.util.Resource p0, apptentive.com.android.util.Resource.Status p1, java.lang.Object p2, java.lang.String p3, int p4, java.lang.Object p5)' was removed because its name contains a dollar sign.
The constructor 'Constructor: apptentive.com.android.util.Resource.Companion.Resource.Companion' was removed because the Java parameter type 'kotlin.jvm.internal.DefaultConstructorMarker' could not be found.
The method '[Method] apptentive.com.android.util.Resource error$default(apptentive.com.android.util.Resource.Companion p0, java.lang.String p1, java.lang.Object p2, int p3, java.lang.Object p4)' was removed because its name contains a dollar sign.
The constructor 'Constructor: apptentive.com.android.util.Result.Result' was removed because the Java parameter type 'kotlin.jvm.internal.DefaultConstructorMarker' could not be found.
The method '[Method] apptentive.com.android.util.Result.Error copy$default(apptentive.com.android.util.Result.Error p0, java.lang.Object p1, java.lang.Throwable p2, int p3, java.lang.Object p4)' was removed because its name contains a dollar sign.
The method '[Method] apptentive.com.android.util.Result.Success copy$default(apptentive.com.android.util.Result.Success p0, java.lang.Object p1, int p2, java.lang.Object p3)' was removed because its name contains a dollar sign.

==== Cycle 2 ====

The constructor 'Constructor: apptentive.com.android.network.HttpNetworkResponse.HttpNetworkResponse' was removed because the Java parameter type 'apptentive.com.android.network.HttpHeaders' could not be found.
The method '[Method] apptentive.com.android.network.HttpHeaders component4()' was removed because the Java return type 'apptentive.com.android.network.HttpHeaders' could not be found.
The method '[Method] apptentive.com.android.network.HttpNetworkResponse copy(int statusCode, java.lang.String statusMessage, byte[] data, apptentive.com.android.network.HttpHeaders headers, double duration)' was removed because the Java parameter type 'apptentive.com.android.network.HttpHeaders' could not be found.
The method '[Method] apptentive.com.android.network.HttpHeaders getHeaders()' was removed because the Java return type 'apptentive.com.android.network.HttpHeaders' could not be found.
The method '[Method] apptentive.com.android.network.HttpHeaders getHeaders()' was removed because the Java return type 'apptentive.com.android.network.HttpHeaders' could not be found.
The method '[Method] apptentive.com.android.network.HttpRequest.Builder<T> headers(apptentive.com.android.network.HttpHeaders headers)' was removed because the Java parameter type 'apptentive.com.android.network.HttpHeaders' could not be found.
The constructor 'Constructor: apptentive.com.android.network.HttpResponse.HttpResponse' was removed because the Java parameter type 'apptentive.com.android.network.HttpHeaders' could not be found.
The method '[Method] apptentive.com.android.network.HttpHeaders component4()' was removed because the Java return type 'apptentive.com.android.network.HttpHeaders' could not be found.
The method '[Method] apptentive.com.android.network.HttpResponse<T> copy(int statusCode, java.lang.String statusMessage, T payload, apptentive.com.android.network.HttpHeaders headers, double duration)' was removed because the Java parameter type 'apptentive.com.android.network.HttpHeaders' could not be found.
The method '[Method] apptentive.com.android.network.HttpHeaders getHeaders()' was removed because the Java return type 'apptentive.com.android.network.HttpHeaders' could not be found.
The class '[Class] apptentive.com.android.network.MutableHttpHeaders' was removed because the Java base type 'apptentive.com.android.network.HttpHeaders' could not be found.

